{"/home/travis/build/npmtest/node-npmtest-peerflix-server/test.js":{"path":"/home/travis/build/npmtest/node-npmtest-peerflix-server/test.js","s":{"1":2,"2":2,"3":2,"4":2,"5":2,"6":2,"7":2,"8":1,"9":2,"10":2,"11":1,"12":1,"13":1,"14":1,"15":2,"16":2,"17":2,"18":2,"19":1,"20":1,"21":2,"22":2,"23":2,"24":1,"25":1,"26":1,"27":1,"28":1,"29":1,"30":1,"31":1,"32":1,"33":1,"34":1,"35":1,"36":1,"37":1,"38":1,"39":2,"40":2,"41":1,"42":2,"43":2,"44":1,"45":2,"46":2,"47":1,"48":2,"49":2,"50":1,"51":1,"52":1,"53":1,"54":1},"b":{"1":[2,1,1,1],"2":[1,1,1,1],"3":[1,1],"4":[1,1],"5":[1,1],"6":[1,1],"7":[1,1],"8":[1,1],"9":[1,1],"10":[1,1,1],"11":[1,1],"12":[1,1],"13":[1,1],"14":[1,1],"15":[1,1],"16":[1,1],"17":[1,1]},"f":{"1":2,"2":2,"3":2,"4":2,"5":2,"6":1,"7":1,"8":1,"9":2,"10":2,"11":2,"12":2,"13":1},"fnMap":{"1":{"name":"(anonymous_1)","line":12,"loc":{"start":{"line":12,"column":1},"end":{"line":12,"column":13}}},"2":{"name":"(anonymous_2)","line":19,"loc":{"start":{"line":19,"column":5},"end":{"line":19,"column":17}}},"3":{"name":"(anonymous_3)","line":23,"loc":{"start":{"line":23,"column":24},"end":{"line":23,"column":36}}},"4":{"name":"(anonymous_4)","line":61,"loc":{"start":{"line":61,"column":5},"end":{"line":61,"column":17}}},"5":{"name":"(anonymous_5)","line":82,"loc":{"start":{"line":82,"column":5},"end":{"line":82,"column":17}}},"6":{"name":"(anonymous_6)","line":91,"loc":{"start":{"line":91,"column":77},"end":{"line":94,"column":10}}},"7":{"name":"(anonymous_7)","line":112,"loc":{"start":{"line":112,"column":83},"end":{"line":115,"column":10}},"skip":true},"8":{"name":"(anonymous_8)","line":123,"loc":{"start":{"line":123,"column":77},"end":{"line":126,"column":10}},"skip":true},"9":{"name":"(anonymous_9)","line":139,"loc":{"start":{"line":139,"column":12},"end":{"line":139,"column":40}},"skip":true},"10":{"name":"(anonymous_10)","line":147,"loc":{"start":{"line":147,"column":77},"end":{"line":150,"column":10}},"skip":true},"11":{"name":"(anonymous_11)","line":158,"loc":{"start":{"line":158,"column":83},"end":{"line":161,"column":10}},"skip":true},"12":{"name":"(anonymous_12)","line":169,"loc":{"start":{"line":169,"column":79},"end":{"line":172,"column":10}},"skip":true},"13":{"name":"(anonymous_13)","line":180,"loc":{"start":{"line":180,"column":75},"end":{"line":183,"column":10}},"skip":true}},"statementMap":{"1":{"start":{"line":12,"column":0},"end":{"line":195,"column":5}},"2":{"start":{"line":14,"column":4},"end":{"line":14,"column":14}},"3":{"start":{"line":19,"column":4},"end":{"line":56,"column":9}},"4":{"start":{"line":21,"column":8},"end":{"line":21,"column":19}},"5":{"start":{"line":23,"column":8},"end":{"line":35,"column":13}},"6":{"start":{"line":24,"column":12},"end":{"line":34,"column":13}},"7":{"start":{"line":25,"column":16},"end":{"line":28,"column":30}},"8":{"start":{"line":30,"column":16},"end":{"line":33,"column":27}},"9":{"start":{"line":37,"column":8},"end":{"line":39,"column":21}},"10":{"start":{"line":40,"column":8},"end":{"line":53,"column":9}},"11":{"start":{"line":43,"column":12},"end":{"line":46,"column":14}},"12":{"start":{"line":47,"column":12},"end":{"line":47,"column":18}},"13":{"start":{"line":50,"column":12},"end":{"line":51,"column":46}},"14":{"start":{"line":52,"column":12},"end":{"line":52,"column":18}},"15":{"start":{"line":55,"column":8},"end":{"line":55,"column":35}},"16":{"start":{"line":61,"column":4},"end":{"line":63,"column":9}},"17":{"start":{"line":62,"column":8},"end":{"line":62,"column":15}},"18":{"start":{"line":64,"column":4},"end":{"line":77,"column":5}},"19":{"start":{"line":70,"column":8},"end":{"line":70,"column":14}},"20":{"start":{"line":76,"column":8},"end":{"line":76,"column":14}},"21":{"start":{"line":82,"column":4},"end":{"line":84,"column":9}},"22":{"start":{"line":83,"column":8},"end":{"line":83,"column":15}},"23":{"start":{"line":85,"column":4},"end":{"line":194,"column":5}},"24":{"start":{"line":91,"column":8},"end":{"line":99,"column":10}},"25":{"start":{"line":98,"column":12},"end":{"line":98,"column":35}},"26":{"start":{"line":102,"column":8},"end":{"line":104,"column":63}},"27":{"start":{"line":105,"column":8},"end":{"line":105,"column":14}},"28":{"start":{"line":112,"column":8},"end":{"line":121,"column":10},"skip":true},"29":{"start":{"line":119,"column":12},"end":{"line":119,"column":55},"skip":true},"30":{"start":{"line":120,"column":12},"end":{"line":120,"column":48},"skip":true},"31":{"start":{"line":123,"column":8},"end":{"line":136,"column":10},"skip":true},"32":{"start":{"line":130,"column":12},"end":{"line":130,"column":76},"skip":true},"33":{"start":{"line":131,"column":12},"end":{"line":131,"column":73},"skip":true},"34":{"start":{"line":132,"column":12},"end":{"line":132,"column":74},"skip":true},"35":{"start":{"line":133,"column":12},"end":{"line":133,"column":79},"skip":true},"36":{"start":{"line":134,"column":12},"end":{"line":134,"column":25},"skip":true},"37":{"start":{"line":135,"column":12},"end":{"line":135,"column":45},"skip":true},"38":{"start":{"line":138,"column":8},"end":{"line":145,"column":14},"skip":true},"39":{"start":{"line":143,"column":16},"end":{"line":143,"column":29},"skip":true},"40":{"start":{"line":144,"column":16},"end":{"line":144,"column":55},"skip":true},"41":{"start":{"line":147,"column":8},"end":{"line":156,"column":10},"skip":true},"42":{"start":{"line":154,"column":12},"end":{"line":154,"column":25},"skip":true},"43":{"start":{"line":155,"column":12},"end":{"line":155,"column":45},"skip":true},"44":{"start":{"line":158,"column":8},"end":{"line":167,"column":10},"skip":true},"45":{"start":{"line":165,"column":12},"end":{"line":165,"column":25},"skip":true},"46":{"start":{"line":166,"column":12},"end":{"line":166,"column":48},"skip":true},"47":{"start":{"line":169,"column":8},"end":{"line":178,"column":10},"skip":true},"48":{"start":{"line":176,"column":12},"end":{"line":176,"column":25},"skip":true},"49":{"start":{"line":177,"column":12},"end":{"line":177,"column":46},"skip":true},"50":{"start":{"line":180,"column":8},"end":{"line":189,"column":10},"skip":true},"51":{"start":{"line":187,"column":12},"end":{"line":187,"column":94},"skip":true},"52":{"start":{"line":188,"column":12},"end":{"line":188,"column":48},"skip":true},"53":{"start":{"line":192,"column":8},"end":{"line":192,"column":35},"skip":true},"54":{"start":{"line":193,"column":8},"end":{"line":193,"column":14},"skip":true}},"branchMap":{"1":{"line":25,"type":"binary-expr","locations":[{"start":{"line":25,"column":23},"end":{"line":25,"column":62}},{"start":{"line":26,"column":20},"end":{"line":26,"column":70}},{"start":{"line":27,"column":20},"end":{"line":27,"column":71}},{"start":{"line":28,"column":20},"end":{"line":28,"column":29}}]},"2":{"line":30,"type":"binary-expr","locations":[{"start":{"line":30,"column":23},"end":{"line":30,"column":37}},{"start":{"line":31,"column":20},"end":{"line":31,"column":61}},{"start":{"line":32,"column":20},"end":{"line":32,"column":70}},{"start":{"line":33,"column":20},"end":{"line":33,"column":26}}]},"3":{"line":37,"type":"cond-expr","locations":[{"start":{"line":38,"column":14},"end":{"line":38,"column":20}},{"start":{"line":39,"column":14},"end":{"line":39,"column":20}}]},"4":{"line":40,"type":"switch","locations":[{"start":{"line":42,"column":8},"end":{"line":47,"column":18}},{"start":{"line":49,"column":8},"end":{"line":52,"column":18}}]},"5":{"line":44,"type":"binary-expr","locations":[{"start":{"line":44,"column":16},"end":{"line":44,"column":44}},{"start":{"line":44,"column":48},"end":{"line":44,"column":66}}]},"6":{"line":50,"type":"binary-expr","locations":[{"start":{"line":50,"column":21},"end":{"line":50,"column":49}},{"start":{"line":50,"column":53},"end":{"line":50,"column":72}}]},"7":{"line":64,"type":"switch","locations":[{"start":{"line":69,"column":4},"end":{"line":70,"column":14}},{"start":{"line":75,"column":4},"end":{"line":76,"column":14}}]},"8":{"line":85,"type":"switch","locations":[{"start":{"line":90,"column":4},"end":{"line":105,"column":14}},{"start":{"line":111,"column":4},"end":{"line":193,"column":14},"skip":true}]},"9":{"line":91,"type":"binary-expr","locations":[{"start":{"line":91,"column":42},"end":{"line":91,"column":73}},{"start":{"line":91,"column":77},"end":{"line":99,"column":9}}]},"10":{"line":102,"type":"binary-expr","locations":[{"start":{"line":102,"column":18},"end":{"line":102,"column":32}},{"start":{"line":103,"column":12},"end":{"line":103,"column":53}},{"start":{"line":104,"column":12},"end":{"line":104,"column":61}}]},"11":{"line":112,"type":"binary-expr","locations":[{"start":{"line":112,"column":45},"end":{"line":112,"column":79},"skip":true},{"start":{"line":112,"column":83},"end":{"line":121,"column":9},"skip":true}]},"12":{"line":123,"type":"binary-expr","locations":[{"start":{"line":123,"column":42},"end":{"line":123,"column":73},"skip":true},{"start":{"line":123,"column":77},"end":{"line":136,"column":9},"skip":true}]},"13":{"line":138,"type":"binary-expr","locations":[{"start":{"line":138,"column":48},"end":{"line":138,"column":85},"skip":true},{"start":{"line":139,"column":12},"end":{"line":145,"column":13},"skip":true}]},"14":{"line":147,"type":"binary-expr","locations":[{"start":{"line":147,"column":42},"end":{"line":147,"column":73},"skip":true},{"start":{"line":147,"column":77},"end":{"line":156,"column":9},"skip":true}]},"15":{"line":158,"type":"binary-expr","locations":[{"start":{"line":158,"column":45},"end":{"line":158,"column":79},"skip":true},{"start":{"line":158,"column":83},"end":{"line":167,"column":9},"skip":true}]},"16":{"line":169,"type":"binary-expr","locations":[{"start":{"line":169,"column":43},"end":{"line":169,"column":75},"skip":true},{"start":{"line":169,"column":79},"end":{"line":178,"column":9},"skip":true}]},"17":{"line":180,"type":"binary-expr","locations":[{"start":{"line":180,"column":41},"end":{"line":180,"column":71},"skip":true},{"start":{"line":180,"column":75},"end":{"line":189,"column":9},"skip":true}]}},"code":["/* istanbul instrument in package npmtest_peerflix_server */","/*jslint","    bitwise: true,","    browser: true,","    maxerr: 8,","    maxlen: 96,","    node: true,","    nomen: true,","    regexp: true,","    stupid: true","*/","(function () {","    'use strict';","    var local;","","","","    // run shared js-env code - pre-init","    (function () {","        // init local","        local = {};","        // init modeJs","        local.modeJs = (function () {","            try {","                return typeof navigator.userAgent === 'string' &&","                    typeof document.querySelector('body') === 'object' &&","                    typeof XMLHttpRequest.prototype.open === 'function' &&","                    'browser';","            } catch (errorCaughtBrowser) {","                return module.exports &&","                    typeof process.versions.node === 'string' &&","                    typeof require('http').createServer === 'function' &&","                    'node';","            }","        }());","        // init global","        local.global = local.modeJs === 'browser'","            ? window","            : global;","        switch (local.modeJs) {","        // re-init local from window.local","        case 'browser':","            local = local.global.utility2.objectSetDefault(","                local.global.utility2_rollup || local.global.local,","                local.global.utility2","            );","            break;","        // re-init local from example.js","        case 'node':","            local = (local.global.utility2_rollup || require('utility2'))","                .requireExampleJsFromReadme();","            break;","        }","        // export local","        local.global.local = local;","    }());","","","","    // run shared js-env code - function","    (function () {","        return;","    }());","    switch (local.modeJs) {","","","","    // run browser js-env code - function","    case 'browser':","        break;","","","","    // run node js-env code - function","    case 'node':","        break;","    }","","","","    // run shared js-env code - post-init","    (function () {","        return;","    }());","    switch (local.modeJs) {","","","","    // run browser js-env code - post-init","    case 'browser':","        local.testCase_browser_nullCase = local.testCase_browser_nullCase || function (","            options,","            onError","        ) {","        /*","         * this function will test browsers's null-case handling-behavior-behavior","         */","            onError(null, options);","        };","","        // run tests","        local.nop(local.modeTest &&","            document.querySelector('#testRunButton1') &&","            document.querySelector('#testRunButton1').click());","        break;","","","","    // run node js-env code - post-init","    /* istanbul ignore next */","    case 'node':","        local.testCase_buildApidoc_default = local.testCase_buildApidoc_default || function (","            options,","            onError","        ) {","        /*","         * this function will test buildApidoc's default handling-behavior-behavior","         */","            options = { modulePathList: module.paths };","            local.buildApidoc(options, onError);","        };","","        local.testCase_buildApp_default = local.testCase_buildApp_default || function (","            options,","            onError","        ) {","        /*","         * this function will test buildApp's default handling-behavior-behavior","         */","            local.testCase_buildReadme_default(options, local.onErrorThrow);","            local.testCase_buildLib_default(options, local.onErrorThrow);","            local.testCase_buildTest_default(options, local.onErrorThrow);","            local.testCase_buildCustomOrg_default(options, local.onErrorThrow);","            options = [];","            local.buildApp(options, onError);","        };","","        local.testCase_buildCustomOrg_default = local.testCase_buildCustomOrg_default ||","            function (options, onError) {","            /*","             * this function will test buildCustomOrg's default handling-behavior","             */","                options = {};","                local.buildCustomOrg(options, onError);","            };","","        local.testCase_buildLib_default = local.testCase_buildLib_default || function (","            options,","            onError","        ) {","        /*","         * this function will test buildLib's default handling-behavior","         */","            options = {};","            local.buildLib(options, onError);","        };","","        local.testCase_buildReadme_default = local.testCase_buildReadme_default || function (","            options,","            onError","        ) {","        /*","         * this function will test buildReadme's default handling-behavior-behavior","         */","            options = {};","            local.buildReadme(options, onError);","        };","","        local.testCase_buildTest_default = local.testCase_buildTest_default || function (","            options,","            onError","        ) {","        /*","         * this function will test buildTest's default handling-behavior","         */","            options = {};","            local.buildTest(options, onError);","        };","","        local.testCase_webpage_default = local.testCase_webpage_default || function (","            options,","            onError","        ) {","        /*","         * this function will test webpage's default handling-behavior","         */","            options = { modeCoverageMerge: true, url: local.serverLocalHost + '?modeTest=1' };","            local.browserTest(options, onError);","        };","","        // run test-server","        local.testRunServer(local);","        break;","    }","}());",""],"l":{"12":2,"14":2,"19":2,"21":2,"23":2,"24":2,"25":2,"30":1,"37":2,"40":2,"43":1,"47":1,"50":1,"52":1,"55":2,"61":2,"62":2,"64":2,"70":1,"76":1,"82":2,"83":2,"85":2,"91":1,"98":1,"102":1,"105":1,"112":1,"119":1,"120":1,"123":1,"130":1,"131":1,"132":1,"133":1,"134":1,"135":1,"138":1,"143":2,"144":2,"147":1,"154":2,"155":2,"158":1,"165":2,"166":2,"169":1,"176":2,"177":2,"180":1,"187":1,"188":1,"192":1,"193":1}},"/home/travis/build/npmtest/node-npmtest-peerflix-server/lib.npmtest_peerflix_server.js":{"path":"/home/travis/build/npmtest/node-npmtest-peerflix-server/lib.npmtest_peerflix_server.js","s":{"1":2,"2":2,"3":2,"4":2,"5":2,"6":2,"7":2,"8":1,"9":2,"10":2,"11":2,"12":2,"13":1,"14":1,"15":1,"16":1},"b":{"1":[2,1,1,1],"2":[1,1,1,1],"3":[1,1],"4":[2,2],"5":[1,1]},"f":{"1":2,"2":2,"3":2},"fnMap":{"1":{"name":"(anonymous_1)","line":12,"loc":{"start":{"line":12,"column":1},"end":{"line":12,"column":13}}},"2":{"name":"(anonymous_2)","line":19,"loc":{"start":{"line":19,"column":5},"end":{"line":19,"column":17}}},"3":{"name":"(anonymous_3)","line":23,"loc":{"start":{"line":23,"column":24},"end":{"line":23,"column":36}}}},"statementMap":{"1":{"start":{"line":12,"column":0},"end":{"line":53,"column":5}},"2":{"start":{"line":14,"column":4},"end":{"line":14,"column":14}},"3":{"start":{"line":19,"column":4},"end":{"line":52,"column":9}},"4":{"start":{"line":21,"column":8},"end":{"line":21,"column":19}},"5":{"start":{"line":23,"column":8},"end":{"line":35,"column":13}},"6":{"start":{"line":24,"column":12},"end":{"line":34,"column":13}},"7":{"start":{"line":25,"column":16},"end":{"line":28,"column":30}},"8":{"start":{"line":30,"column":16},"end":{"line":33,"column":27}},"9":{"start":{"line":37,"column":8},"end":{"line":39,"column":21}},"10":{"start":{"line":41,"column":8},"end":{"line":41,"column":54}},"11":{"start":{"line":43,"column":8},"end":{"line":43,"column":60}},"12":{"start":{"line":45,"column":8},"end":{"line":51,"column":9}},"13":{"start":{"line":46,"column":12},"end":{"line":46,"column":66}},"14":{"start":{"line":48,"column":12},"end":{"line":48,"column":35}},"15":{"start":{"line":49,"column":12},"end":{"line":49,"column":49}},"16":{"start":{"line":50,"column":12},"end":{"line":50,"column":43}}},"branchMap":{"1":{"line":25,"type":"binary-expr","locations":[{"start":{"line":25,"column":23},"end":{"line":25,"column":62}},{"start":{"line":26,"column":20},"end":{"line":26,"column":70}},{"start":{"line":27,"column":20},"end":{"line":27,"column":71}},{"start":{"line":28,"column":20},"end":{"line":28,"column":29}}]},"2":{"line":30,"type":"binary-expr","locations":[{"start":{"line":30,"column":23},"end":{"line":30,"column":37}},{"start":{"line":31,"column":20},"end":{"line":31,"column":61}},{"start":{"line":32,"column":20},"end":{"line":32,"column":70}},{"start":{"line":33,"column":20},"end":{"line":33,"column":26}}]},"3":{"line":37,"type":"cond-expr","locations":[{"start":{"line":38,"column":14},"end":{"line":38,"column":20}},{"start":{"line":39,"column":14},"end":{"line":39,"column":20}}]},"4":{"line":41,"type":"binary-expr","locations":[{"start":{"line":41,"column":16},"end":{"line":41,"column":44}},{"start":{"line":41,"column":48},"end":{"line":41,"column":53}}]},"5":{"line":45,"type":"if","locations":[{"start":{"line":45,"column":8},"end":{"line":45,"column":8}},{"start":{"line":45,"column":8},"end":{"line":45,"column":8}}]}},"code":["/* istanbul instrument in package npmtest_peerflix_server */","/*jslint","    bitwise: true,","    browser: true,","    maxerr: 8,","    maxlen: 96,","    node: true,","    nomen: true,","    regexp: true,","    stupid: true","*/","(function () {","    'use strict';","    var local;","","","","    // run shared js-env code - pre-init","    (function () {","        // init local","        local = {};","        // init modeJs","        local.modeJs = (function () {","            try {","                return typeof navigator.userAgent === 'string' &&","                    typeof document.querySelector('body') === 'object' &&","                    typeof XMLHttpRequest.prototype.open === 'function' &&","                    'browser';","            } catch (errorCaughtBrowser) {","                return module.exports &&","                    typeof process.versions.node === 'string' &&","                    typeof require('http').createServer === 'function' &&","                    'node';","            }","        }());","        // init global","        local.global = local.modeJs === 'browser'","            ? window","            : global;","        // init utility2_rollup","        local = local.global.utility2_rollup || local;","        // init lib","        local.local = local.npmtest_peerflix_server = local;","        // init exports","        if (local.modeJs === 'browser') {","            local.global.utility2_npmtest_peerflix_server = local;","        } else {","            module.exports = local;","            module.exports.__dirname = __dirname;","            module.exports.module = module;","        }","    }());","}());",""],"l":{"12":2,"14":2,"19":2,"21":2,"23":2,"24":2,"25":2,"30":1,"37":2,"41":2,"43":2,"45":2,"46":1,"48":1,"49":1,"50":1}},"/home/travis/build/npmtest/node-npmtest-peerflix-server/example.js":{"path":"/home/travis/build/npmtest/node-npmtest-peerflix-server/example.js","s":{"1":2,"2":2,"3":2,"4":2,"5":2,"6":2,"7":2,"8":1,"9":2,"10":2,"11":2,"12":2,"13":1,"14":2,"15":2,"16":2,"17":2,"18":2,"19":0,"20":2,"21":1,"22":1,"23":1,"24":1,"25":1,"26":0,"27":0,"28":1,"29":1,"30":2,"31":0,"32":0,"33":0,"34":1,"35":2,"36":2,"37":3,"38":3,"39":3,"40":3,"41":0,"42":3,"43":3,"44":3,"45":1,"46":3,"47":1,"48":1,"49":1,"50":1,"51":1,"52":1,"53":1,"54":1,"55":1,"56":1,"57":0,"58":1,"59":6,"60":6,"61":1,"62":2,"63":0,"64":2,"65":1,"66":1,"67":0,"68":0,"69":0,"70":0,"71":0,"72":0,"73":0,"74":0,"75":0,"76":0,"77":0,"78":0,"79":0,"80":0,"81":0,"82":0,"83":0},"b":{"1":[2,1,1,1],"2":[1,1,1,1],"3":[1,1],"4":[2,2],"5":[1,1],"6":[1,1],"7":[2,0],"8":[2,1,1,1,1,1],"9":[0,2,0],"10":[1,1],"11":[2,1,1],"12":[1,0],"13":[0,2],"14":[2,0,0,0,0,0,0],"15":[0,3],"16":[3,0],"17":[1,1],"18":[0,1],"19":[1,2,0,2],"20":[1,0],"21":[1,1],"22":[0,0],"23":[0,0],"24":[0,0],"25":[0,0],"26":[0,0],"27":[0,0],"28":[0,0]},"f":{"1":2,"2":2,"3":2,"4":2,"5":2,"6":2,"7":3,"8":3,"9":3,"10":1,"11":6,"12":0},"fnMap":{"1":{"name":"(anonymous_1)","line":26,"loc":{"start":{"line":26,"column":1},"end":{"line":26,"column":13}}},"2":{"name":"(anonymous_2)","line":33,"loc":{"start":{"line":33,"column":5},"end":{"line":33,"column":17}}},"3":{"name":"(anonymous_3)","line":37,"loc":{"start":{"line":37,"column":24},"end":{"line":37,"column":36}}},"4":{"name":"(anonymous_4)","line":69,"loc":{"start":{"line":69,"column":31},"end":{"line":69,"column":48}},"skip":true},"5":{"name":"(anonymous_5)","line":78,"loc":{"start":{"line":78,"column":26},"end":{"line":78,"column":45}},"skip":true},"6":{"name":"(anonymous_6)","line":123,"loc":{"start":{"line":123,"column":33},"end":{"line":123,"column":48}},"skip":true},"7":{"name":"(anonymous_7)","line":125,"loc":{"start":{"line":125,"column":27},"end":{"line":125,"column":39}},"skip":true},"8":{"name":"(anonymous_8)","line":133,"loc":{"start":{"line":133,"column":59},"end":{"line":133,"column":74}},"skip":true},"9":{"name":"(anonymous_9)","line":143,"loc":{"start":{"line":143,"column":45},"end":{"line":143,"column":62}},"skip":true},"10":{"name":"(anonymous_10)","line":144,"loc":{"start":{"line":144,"column":73},"end":{"line":144,"column":92}},"skip":true},"11":{"name":"(anonymous_11)","line":272,"loc":{"start":{"line":272,"column":51},"end":{"line":272,"column":77}},"skip":true},"12":{"name":"(anonymous_12)","line":315,"loc":{"start":{"line":315,"column":32},"end":{"line":315,"column":61}},"skip":true}},"statementMap":{"1":{"start":{"line":26,"column":0},"end":{"line":326,"column":5}},"2":{"start":{"line":28,"column":4},"end":{"line":28,"column":14}},"3":{"start":{"line":33,"column":4},"end":{"line":60,"column":9}},"4":{"start":{"line":35,"column":8},"end":{"line":35,"column":19}},"5":{"start":{"line":37,"column":8},"end":{"line":49,"column":13}},"6":{"start":{"line":38,"column":12},"end":{"line":48,"column":13}},"7":{"start":{"line":39,"column":16},"end":{"line":42,"column":30}},"8":{"start":{"line":44,"column":16},"end":{"line":47,"column":27}},"9":{"start":{"line":51,"column":8},"end":{"line":53,"column":21}},"10":{"start":{"line":55,"column":8},"end":{"line":57,"column":45}},"11":{"start":{"line":59,"column":8},"end":{"line":59,"column":35}},"12":{"start":{"line":61,"column":4},"end":{"line":325,"column":5}},"13":{"start":{"line":69,"column":8},"end":{"line":121,"column":10},"skip":true},"14":{"start":{"line":70,"column":12},"end":{"line":88,"column":13},"skip":true},"15":{"start":{"line":76,"column":16},"end":{"line":87,"column":19},"skip":true},"16":{"start":{"line":79,"column":20},"end":{"line":86,"column":21},"skip":true},"17":{"start":{"line":82,"column":24},"end":{"line":82,"column":43},"skip":true},"18":{"start":{"line":83,"column":24},"end":{"line":83,"column":30},"skip":true},"19":{"start":{"line":85,"column":24},"end":{"line":85,"column":49},"skip":true},"20":{"start":{"line":89,"column":12},"end":{"line":107,"column":13},"skip":true},"21":{"start":{"line":92,"column":16},"end":{"line":102,"column":17},"skip":true},"22":{"start":{"line":93,"column":20},"end":{"line":93,"column":86},"skip":true},"23":{"start":{"line":94,"column":20},"end":{"line":95,"column":45},"skip":true},"24":{"start":{"line":96,"column":20},"end":{"line":96,"column":42},"skip":true},"25":{"start":{"line":97,"column":20},"end":{"line":97,"column":48},"skip":true},"26":{"start":{"line":100,"column":20},"end":{"line":100,"column":85},"skip":true},"27":{"start":{"line":101,"column":20},"end":{"line":101,"column":96},"skip":true},"28":{"start":{"line":103,"column":16},"end":{"line":103,"column":22},"skip":true},"29":{"start":{"line":106,"column":16},"end":{"line":106,"column":22},"skip":true},"30":{"start":{"line":108,"column":12},"end":{"line":120,"column":13},"skip":true},"31":{"start":{"line":114,"column":16},"end":{"line":119,"column":17},"skip":true},"32":{"start":{"line":116,"column":20},"end":{"line":116,"column":78},"skip":true},"33":{"start":{"line":118,"column":20},"end":{"line":118,"column":47},"skip":true},"34":{"start":{"line":123,"column":8},"end":{"line":141,"column":11},"skip":true},"35":{"start":{"line":124,"column":12},"end":{"line":124,"column":54},"skip":true},"36":{"start":{"line":125,"column":12},"end":{"line":140,"column":14},"skip":true},"37":{"start":{"line":126,"column":16},"end":{"line":126,"column":28},"skip":true},"38":{"start":{"line":127,"column":16},"end":{"line":127,"column":69},"skip":true},"39":{"start":{"line":128,"column":16},"end":{"line":128,"column":75},"skip":true},"40":{"start":{"line":129,"column":16},"end":{"line":131,"column":17},"skip":true},"41":{"start":{"line":130,"column":20},"end":{"line":130,"column":27},"skip":true},"42":{"start":{"line":133,"column":16},"end":{"line":137,"column":36},"skip":true},"43":{"start":{"line":134,"column":20},"end":{"line":136,"column":55},"skip":true},"44":{"start":{"line":139,"column":16},"end":{"line":139,"column":57},"skip":true},"45":{"start":{"line":143,"column":8},"end":{"line":147,"column":11},"skip":true},"46":{"start":{"line":144,"column":12},"end":{"line":146,"column":15},"skip":true},"47":{"start":{"line":145,"column":16},"end":{"line":145,"column":70},"skip":true},"48":{"start":{"line":149,"column":8},"end":{"line":149,"column":31},"skip":true},"49":{"start":{"line":150,"column":8},"end":{"line":150,"column":14},"skip":true},"50":{"start":{"line":158,"column":8},"end":{"line":158,"column":31},"skip":true},"51":{"start":{"line":160,"column":8},"end":{"line":160,"column":33},"skip":true},"52":{"start":{"line":161,"column":8},"end":{"line":161,"column":37},"skip":true},"53":{"start":{"line":162,"column":8},"end":{"line":162,"column":35},"skip":true},"54":{"start":{"line":164,"column":8},"end":{"line":164,"column":50},"skip":true},"55":{"start":{"line":166,"column":8},"end":{"line":256,"column":2},"skip":true},"56":{"start":{"line":258,"column":8},"end":{"line":286,"column":9},"skip":true},"57":{"start":{"line":259,"column":12},"end":{"line":269,"column":14},"skip":true},"58":{"start":{"line":271,"column":12},"end":{"line":285,"column":19},"skip":true},"59":{"start":{"line":274,"column":20},"end":{"line":274,"column":35},"skip":true},"60":{"start":{"line":275,"column":20},"end":{"line":284,"column":21},"skip":true},"61":{"start":{"line":277,"column":24},"end":{"line":277,"column":64},"skip":true},"62":{"start":{"line":279,"column":24},"end":{"line":279,"column":40},"skip":true},"63":{"start":{"line":281,"column":24},"end":{"line":281,"column":40},"skip":true},"64":{"start":{"line":283,"column":24},"end":{"line":283,"column":39},"skip":true},"65":{"start":{"line":288,"column":8},"end":{"line":290,"column":9},"skip":true},"66":{"start":{"line":289,"column":12},"end":{"line":289,"column":18},"skip":true},"67":{"start":{"line":291,"column":8},"end":{"line":293,"column":54},"skip":true},"68":{"start":{"line":296,"column":8},"end":{"line":301,"column":37},"skip":true},"69":{"start":{"line":303,"column":8},"end":{"line":303,"column":82},"skip":true},"70":{"start":{"line":306,"column":8},"end":{"line":308,"column":9},"skip":true},"71":{"start":{"line":307,"column":12},"end":{"line":307,"column":82},"skip":true},"72":{"start":{"line":310,"column":8},"end":{"line":312,"column":9},"skip":true},"73":{"start":{"line":311,"column":12},"end":{"line":311,"column":18},"skip":true},"74":{"start":{"line":313,"column":8},"end":{"line":313,"column":54},"skip":true},"75":{"start":{"line":314,"column":8},"end":{"line":314,"column":69},"skip":true},"76":{"start":{"line":315,"column":8},"end":{"line":323,"column":36},"skip":true},"77":{"start":{"line":316,"column":12},"end":{"line":316,"column":61},"skip":true},"78":{"start":{"line":317,"column":12},"end":{"line":320,"column":13},"skip":true},"79":{"start":{"line":318,"column":16},"end":{"line":318,"column":75},"skip":true},"80":{"start":{"line":319,"column":16},"end":{"line":319,"column":23},"skip":true},"81":{"start":{"line":321,"column":12},"end":{"line":321,"column":38},"skip":true},"82":{"start":{"line":322,"column":12},"end":{"line":322,"column":27},"skip":true},"83":{"start":{"line":324,"column":8},"end":{"line":324,"column":14},"skip":true}},"branchMap":{"1":{"line":39,"type":"binary-expr","locations":[{"start":{"line":39,"column":23},"end":{"line":39,"column":62}},{"start":{"line":40,"column":20},"end":{"line":40,"column":70}},{"start":{"line":41,"column":20},"end":{"line":41,"column":71}},{"start":{"line":42,"column":20},"end":{"line":42,"column":29}}]},"2":{"line":44,"type":"binary-expr","locations":[{"start":{"line":44,"column":23},"end":{"line":44,"column":37}},{"start":{"line":45,"column":20},"end":{"line":45,"column":61}},{"start":{"line":46,"column":20},"end":{"line":46,"column":70}},{"start":{"line":47,"column":20},"end":{"line":47,"column":26}}]},"3":{"line":51,"type":"cond-expr","locations":[{"start":{"line":52,"column":14},"end":{"line":52,"column":20}},{"start":{"line":53,"column":14},"end":{"line":53,"column":20}}]},"4":{"line":55,"type":"binary-expr","locations":[{"start":{"line":55,"column":16},"end":{"line":55,"column":44}},{"start":{"line":55,"column":49},"end":{"line":57,"column":43}}]},"5":{"line":55,"type":"cond-expr","locations":[{"start":{"line":56,"column":14},"end":{"line":56,"column":59}},{"start":{"line":57,"column":14},"end":{"line":57,"column":43}}]},"6":{"line":61,"type":"switch","locations":[{"start":{"line":68,"column":4},"end":{"line":150,"column":14},"skip":true},{"start":{"line":156,"column":4},"end":{"line":324,"column":14},"skip":true}]},"7":{"line":70,"type":"if","locations":[{"start":{"line":70,"column":12},"end":{"line":70,"column":12},"skip":true},{"start":{"line":70,"column":12},"end":{"line":70,"column":12},"skip":true}]},"8":{"line":70,"type":"binary-expr","locations":[{"start":{"line":70,"column":16},"end":{"line":70,"column":22},"skip":true},{"start":{"line":70,"column":27},"end":{"line":70,"column":32},"skip":true},{"start":{"line":71,"column":20},"end":{"line":71,"column":39},"skip":true},{"start":{"line":72,"column":20},"end":{"line":72,"column":49},"skip":true},{"start":{"line":73,"column":20},"end":{"line":73,"column":58},"skip":true},{"start":{"line":74,"column":20},"end":{"line":74,"column":69},"skip":true}]},"9":{"line":79,"type":"switch","locations":[{"start":{"line":80,"column":20},"end":{"line":80,"column":33},"skip":true},{"start":{"line":81,"column":20},"end":{"line":83,"column":30},"skip":true},{"start":{"line":84,"column":20},"end":{"line":85,"column":49},"skip":true}]},"10":{"line":89,"type":"switch","locations":[{"start":{"line":90,"column":12},"end":{"line":103,"column":22},"skip":true},{"start":{"line":105,"column":12},"end":{"line":106,"column":22},"skip":true}]},"11":{"line":89,"type":"binary-expr","locations":[{"start":{"line":89,"column":20},"end":{"line":89,"column":25},"skip":true},{"start":{"line":89,"column":29},"end":{"line":89,"column":48},"skip":true},{"start":{"line":89,"column":52},"end":{"line":89,"column":74},"skip":true}]},"12":{"line":92,"type":"if","locations":[{"start":{"line":92,"column":16},"end":{"line":92,"column":16},"skip":true},{"start":{"line":92,"column":16},"end":{"line":92,"column":16},"skip":true}]},"13":{"line":108,"type":"if","locations":[{"start":{"line":108,"column":12},"end":{"line":108,"column":12},"skip":true},{"start":{"line":108,"column":12},"end":{"line":108,"column":12},"skip":true}]},"14":{"line":108,"type":"binary-expr","locations":[{"start":{"line":108,"column":16},"end":{"line":108,"column":61},"skip":true},{"start":{"line":108,"column":66},"end":{"line":108,"column":72},"skip":true},{"start":{"line":108,"column":77},"end":{"line":108,"column":82},"skip":true},{"start":{"line":109,"column":20},"end":{"line":109,"column":39},"skip":true},{"start":{"line":110,"column":20},"end":{"line":110,"column":49},"skip":true},{"start":{"line":111,"column":20},"end":{"line":111,"column":58},"skip":true},{"start":{"line":112,"column":20},"end":{"line":112,"column":68},"skip":true}]},"15":{"line":129,"type":"if","locations":[{"start":{"line":129,"column":16},"end":{"line":129,"column":16},"skip":true},{"start":{"line":129,"column":16},"end":{"line":129,"column":16},"skip":true}]},"16":{"line":134,"type":"cond-expr","locations":[{"start":{"line":135,"column":26},"end":{"line":135,"column":29},"skip":true},{"start":{"line":136,"column":26},"end":{"line":136,"column":54},"skip":true}]},"17":{"line":164,"type":"binary-expr","locations":[{"start":{"line":164,"column":27},"end":{"line":164,"column":43},"skip":true},{"start":{"line":164,"column":47},"end":{"line":164,"column":49},"skip":true}]},"18":{"line":258,"type":"if","locations":[{"start":{"line":258,"column":8},"end":{"line":258,"column":8},"skip":true},{"start":{"line":258,"column":8},"end":{"line":258,"column":8},"skip":true}]},"19":{"line":275,"type":"switch","locations":[{"start":{"line":276,"column":20},"end":{"line":277,"column":64},"skip":true},{"start":{"line":278,"column":20},"end":{"line":279,"column":40},"skip":true},{"start":{"line":280,"column":20},"end":{"line":281,"column":40},"skip":true},{"start":{"line":282,"column":20},"end":{"line":283,"column":39},"skip":true}]},"20":{"line":288,"type":"if","locations":[{"start":{"line":288,"column":8},"end":{"line":288,"column":8},"skip":true},{"start":{"line":288,"column":8},"end":{"line":288,"column":8},"skip":true}]},"21":{"line":288,"type":"binary-expr","locations":[{"start":{"line":288,"column":12},"end":{"line":288,"column":40},"skip":true},{"start":{"line":288,"column":44},"end":{"line":288,"column":67},"skip":true}]},"22":{"line":292,"type":"binary-expr","locations":[{"start":{"line":292,"column":12},"end":{"line":292,"column":50},"skip":true},{"start":{"line":293,"column":12},"end":{"line":293,"column":53},"skip":true}]},"23":{"line":297,"type":"binary-expr","locations":[{"start":{"line":297,"column":12},"end":{"line":297,"column":73},"skip":true},{"start":{"line":298,"column":12},"end":{"line":301,"column":36},"skip":true}]},"24":{"line":303,"type":"binary-expr","locations":[{"start":{"line":303,"column":43},"end":{"line":303,"column":75},"skip":true},{"start":{"line":303,"column":79},"end":{"line":303,"column":81},"skip":true}]},"25":{"line":306,"type":"if","locations":[{"start":{"line":306,"column":8},"end":{"line":306,"column":8},"skip":true},{"start":{"line":306,"column":8},"end":{"line":306,"column":8},"skip":true}]},"26":{"line":310,"type":"if","locations":[{"start":{"line":310,"column":8},"end":{"line":310,"column":8},"skip":true},{"start":{"line":310,"column":8},"end":{"line":310,"column":8},"skip":true}]},"27":{"line":313,"type":"binary-expr","locations":[{"start":{"line":313,"column":27},"end":{"line":313,"column":43},"skip":true},{"start":{"line":313,"column":47},"end":{"line":313,"column":53},"skip":true}]},"28":{"line":317,"type":"if","locations":[{"start":{"line":317,"column":12},"end":{"line":317,"column":12},"skip":true},{"start":{"line":317,"column":12},"end":{"line":317,"column":12},"skip":true}]}},"code":["/*","example.js","","quickstart example","","instruction","    1. save this script as example.js","    2. run the shell command:","        $ npm install npmtest-peerflix-server && PORT=8081 node example.js","    3. play with the browser-demo on http://127.0.0.1:8081","*/","","","","/* istanbul instrument in package npmtest_peerflix_server */","/*jslint","    bitwise: true,","    browser: true,","    maxerr: 8,","    maxlen: 96,","    node: true,","    nomen: true,","    regexp: true,","    stupid: true","*/","(function () {","    'use strict';","    var local;","","","","    // run shared js-env code - pre-init","    (function () {","        // init local","        local = {};","        // init modeJs","        local.modeJs = (function () {","            try {","                return typeof navigator.userAgent === 'string' &&","                    typeof document.querySelector('body') === 'object' &&","                    typeof XMLHttpRequest.prototype.open === 'function' &&","                    'browser';","            } catch (errorCaughtBrowser) {","                return module.exports &&","                    typeof process.versions.node === 'string' &&","                    typeof require('http').createServer === 'function' &&","                    'node';","            }","        }());","        // init global","        local.global = local.modeJs === 'browser'","            ? window","            : global;","        // init utility2_rollup","        local = local.global.utility2_rollup || (local.modeJs === 'browser'","            ? local.global.utility2_npmtest_peerflix_server","            : global.utility2_moduleExports);","        // export local","        local.global.local = local;","    }());","    switch (local.modeJs) {","","","","    // post-init","    // run browser js-env code - post-init","    /* istanbul ignore next */","    case 'browser':","        local.testRunBrowser = function (event) {","            if (!event || (event &&","                    event.currentTarget &&","                    event.currentTarget.className &&","                    event.currentTarget.className.includes &&","                    event.currentTarget.className.includes('onreset'))) {","                // reset output","                Array.from(","                    document.querySelectorAll('body > .resettable')","                ).forEach(function (element) {","                    switch (element.tagName) {","                    case 'INPUT':","                    case 'TEXTAREA':","                        element.value = '';","                        break;","                    default:","                        element.textContent = '';","                    }","                });","            }","            switch (event && event.currentTarget && event.currentTarget.id) {","            case 'testRunButton1':","                // show tests","                if (document.querySelector('#testReportDiv1').style.display === 'none') {","                    document.querySelector('#testReportDiv1').style.display = 'block';","                    document.querySelector('#testRunButton1').textContent =","                        'hide internal test';","                    local.modeTest = true;","                    local.testRunDefault(local);","                // hide tests","                } else {","                    document.querySelector('#testReportDiv1').style.display = 'none';","                    document.querySelector('#testRunButton1').textContent = 'run internal test';","                }","                break;","            // custom-case","            default:","                break;","            }","            if (document.querySelector('#inputTextareaEval1') && (!event || (event &&","                    event.currentTarget &&","                    event.currentTarget.className &&","                    event.currentTarget.className.includes &&","                    event.currentTarget.className.includes('oneval')))) {","                // try to eval input-code","                try {","                    /*jslint evil: true*/","                    eval(document.querySelector('#inputTextareaEval1').value);","                } catch (errorCaught) {","                    console.error(errorCaught);","                }","            }","        };","        // log stderr and stdout to #outputTextareaStdout1","        ['error', 'log'].forEach(function (key) {","            console[key + '_original'] = console[key];","            console[key] = function () {","                var element;","                console[key + '_original'].apply(console, arguments);","                element = document.querySelector('#outputTextareaStdout1');","                if (!element) {","                    return;","                }","                // append text to #outputTextareaStdout1","                element.value += Array.from(arguments).map(function (arg) {","                    return typeof arg === 'string'","                        ? arg","                        : JSON.stringify(arg, null, 4);","                }).join(' ') + '\\n';","                // scroll textarea to bottom","                element.scrollTop = element.scrollHeight;","            };","        });","        // init event-handling","        ['change', 'click', 'keyup'].forEach(function (event) {","            Array.from(document.querySelectorAll('.on' + event)).forEach(function (element) {","                element.addEventListener(event, local.testRunBrowser);","            });","        });","        // run tests","        local.testRunBrowser();","        break;","","","","    // run node js-env code - post-init","    /* istanbul ignore next */","    case 'node':","        // export local","        module.exports = local;","        // require modules","        local.fs = require('fs');","        local.http = require('http');","        local.url = require('url');","        // init assets","        local.assetsDict = local.assetsDict || {};","        /* jslint-ignore-begin */","        local.assetsDict['/assets.index.template.html'] = '\\","<!doctype html>\\n\\","<html lang=\"en\">\\n\\","<head>\\n\\","<meta charset=\"UTF-8\">\\n\\","<meta name=\"viewport\" content=\"width=device-width, initial-scale=1\">\\n\\","<title>{{env.npm_package_name}} (v{{env.npm_package_version}})</title>\\n\\","<style>\\n\\","/*csslint\\n\\","    box-sizing: false,\\n\\","    universal-selector: false\\n\\","*/\\n\\","* {\\n\\","    box-sizing: border-box;\\n\\","}\\n\\","body {\\n\\","    background: #dde;\\n\\","    font-family: Arial, Helvetica, sans-serif;\\n\\","    margin: 2rem;\\n\\","}\\n\\","body > * {\\n\\","    margin-bottom: 1rem;\\n\\","}\\n\\",".utility2FooterDiv {\\n\\","    margin-top: 20px;\\n\\","    text-align: center;\\n\\","}\\n\\","</style>\\n\\","<style>\\n\\","/*csslint\\n\\","*/\\n\\","textarea {\\n\\","    font-family: monospace;\\n\\","    height: 10rem;\\n\\","    width: 100%;\\n\\","}\\n\\","textarea[readonly] {\\n\\","    background: #ddd;\\n\\","}\\n\\","</style>\\n\\","</head>\\n\\","<body>\\n\\","<!-- utility2-comment\\n\\","<div id=\"ajaxProgressDiv1\" style=\"background: #d00; height: 2px; left: 0; margin: 0; padding: 0; position: fixed; top: 0; transition: background 0.5s, width 1.5s; width: 25%;\"></div>\\n\\","utility2-comment -->\\n\\","<h1>\\n\\","<!-- utility2-comment\\n\\","    <a\\n\\","        {{#if env.npm_package_homepage}}\\n\\","        href=\"{{env.npm_package_homepage}}\"\\n\\","        {{/if env.npm_package_homepage}}\\n\\","        target=\"_blank\"\\n\\","    >\\n\\","utility2-comment -->\\n\\","        {{env.npm_package_name}} (v{{env.npm_package_version}})\\n\\","<!-- utility2-comment\\n\\","    </a>\\n\\","utility2-comment -->\\n\\","</h1>\\n\\","<h3>{{env.npm_package_description}}</h3>\\n\\","<!-- utility2-comment\\n\\","<h4><a download href=\"assets.app.js\">download standalone app</a></h4>\\n\\","<button class=\"onclick onreset\" id=\"testRunButton1\">run internal test</button><br>\\n\\","<div id=\"testReportDiv1\" style=\"display: none;\"></div>\\n\\","utility2-comment -->\\n\\","\\n\\","\\n\\","\\n\\","<label>stderr and stdout</label>\\n\\","<textarea class=\"resettable\" id=\"outputTextareaStdout1\" readonly></textarea>\\n\\","<!-- utility2-comment\\n\\","{{#if isRollup}}\\n\\","<script src=\"assets.app.js\"></script>\\n\\","{{#unless isRollup}}\\n\\","utility2-comment -->\\n\\","<script src=\"assets.utility2.rollup.js\"></script>\\n\\","<script src=\"jsonp.utility2._stateInit?callback=window.utility2._stateInit\"></script>\\n\\","<script src=\"assets.npmtest_peerflix_server.rollup.js\"></script>\\n\\","<script src=\"assets.example.js\"></script>\\n\\","<script src=\"assets.test.js\"></script>\\n\\","<!-- utility2-comment\\n\\","{{/if isRollup}}\\n\\","utility2-comment -->\\n\\","<div class=\"utility2FooterDiv\">\\n\\","    [ this app was created with\\n\\","    <a href=\"https://github.com/kaizhu256/node-utility2\" target=\"_blank\">utility2</a>\\n\\","    ]\\n\\","</div>\\n\\","</body>\\n\\","</html>\\n\\","';","        /* jslint-ignore-end */","        if (local.templateRender) {","            local.assetsDict['/'] = local.templateRender(","                local.assetsDict['/assets.index.template.html'],","                {","                    env: local.objectSetDefault(local.env, {","                        npm_package_description: 'the greatest app in the world!',","                        npm_package_name: 'my-app',","                        npm_package_nameAlias: 'my_app',","                        npm_package_version: '0.0.1'","                    })","                }","            );","        } else {","            local.assetsDict['/'] = local.assetsDict['/assets.index.template.html']","                .replace((/\\{\\{env\\.(\\w+?)\\}\\}/g), function (match0, match1) {","                    // jslint-hack","                    String(match0);","                    switch (match1) {","                    case 'npm_package_description':","                        return 'the greatest app in the world!';","                    case 'npm_package_name':","                        return 'my-app';","                    case 'npm_package_nameAlias':","                        return 'my_app';","                    case 'npm_package_version':","                        return '0.0.1';","                    }","                });","        }","        // run the cli","        if (local.global.utility2_rollup || module !== require.main) {","            break;","        }","        local.assetsDict['/assets.example.js'] =","            local.assetsDict['/assets.example.js'] ||","            local.fs.readFileSync(__filename, 'utf8');","        // bug-workaround - long $npm_package_buildCustomOrg","        /* jslint-ignore-begin */","        local.assetsDict['/assets.npmtest_peerflix_server.rollup.js'] =","            local.assetsDict['/assets.npmtest_peerflix_server.rollup.js'] ||","            local.fs.readFileSync(","                local.npmtest_peerflix_server.__dirname + '/lib.npmtest_peerflix_server.js',","                'utf8'","            ).replace((/^#!/), '//');","        /* jslint-ignore-end */","        local.assetsDict['/favicon.ico'] = local.assetsDict['/favicon.ico'] || '';","        // if $npm_config_timeout_exit exists,","        // then exit this process after $npm_config_timeout_exit ms","        if (Number(process.env.npm_config_timeout_exit)) {","            setTimeout(process.exit, Number(process.env.npm_config_timeout_exit));","        }","        // start server","        if (local.global.utility2_serverHttp1) {","            break;","        }","        process.env.PORT = process.env.PORT || '8081';","        console.error('server starting on port ' + process.env.PORT);","        local.http.createServer(function (request, response) {","            request.urlParsed = local.url.parse(request.url);","            if (local.assetsDict[request.urlParsed.pathname] !== undefined) {","                response.end(local.assetsDict[request.urlParsed.pathname]);","                return;","            }","            response.statusCode = 404;","            response.end();","        }).listen(process.env.PORT);","        break;","    }","}());",""],"l":{"26":2,"28":2,"33":2,"35":2,"37":2,"38":2,"39":2,"44":1,"51":2,"55":2,"59":2,"61":2,"69":1,"70":2,"76":2,"79":2,"82":2,"83":2,"85":1,"89":2,"92":1,"93":1,"94":1,"96":1,"97":1,"100":1,"101":1,"103":1,"106":1,"108":2,"114":1,"116":1,"118":1,"123":1,"124":2,"125":2,"126":3,"127":3,"128":3,"129":3,"130":1,"133":3,"134":3,"139":3,"143":1,"144":3,"145":1,"149":1,"150":1,"158":1,"160":1,"161":1,"162":1,"164":1,"166":1,"258":1,"259":1,"271":1,"274":6,"275":6,"277":1,"279":2,"281":1,"283":2,"288":1,"289":1,"291":1,"296":1,"303":1,"306":1,"307":1,"310":1,"311":1,"313":1,"314":1,"315":1,"316":1,"317":1,"318":1,"319":1,"321":1,"322":1,"324":1}},"/home/travis/build/npmtest/node-npmtest-peerflix-server/node_modules/peerflix-server/server/bin.js":{"path":"/home/travis/build/npmtest/node-npmtest-peerflix-server/node_modules/peerflix-server/server/bin.js","s":{"1":4,"2":4,"3":0,"4":0,"5":0,"6":0,"7":0,"8":0,"9":0,"10":0,"11":0},"b":{"1":[0,0],"2":[0,0],"3":[0,0]},"f":{"1":0,"2":0},"fnMap":{"1":{"name":"(anonymous_1)","line":19,"loc":{"start":{"line":19,"column":32},"end":{"line":19,"column":45}}},"2":{"name":"(anonymous_2)","line":25,"loc":{"start":{"line":25,"column":19},"end":{"line":25,"column":31}}}},"statementMap":{"1":{"start":{"line":4,"column":0},"end":{"line":4,"column":41}},"2":{"start":{"line":6,"column":0},"end":{"line":13,"column":73}},"3":{"start":{"line":15,"column":0},"end":{"line":15,"column":36}},"4":{"start":{"line":16,"column":0},"end":{"line":16,"column":15}},"5":{"start":{"line":17,"column":0},"end":{"line":17,"column":36}},"6":{"start":{"line":19,"column":0},"end":{"line":27,"column":3}},"7":{"start":{"line":20,"column":2},"end":{"line":22,"column":3}},"8":{"start":{"line":21,"column":4},"end":{"line":21,"column":12}},"9":{"start":{"line":23,"column":2},"end":{"line":23,"column":80}},"10":{"start":{"line":24,"column":2},"end":{"line":24,"column":24}},"11":{"start":{"line":26,"column":2},"end":{"line":26,"column":55}}},"branchMap":{"1":{"line":17,"type":"binary-expr","locations":[{"start":{"line":17,"column":11},"end":{"line":17,"column":27}},{"start":{"line":17,"column":31},"end":{"line":17,"column":35}}]},"2":{"line":20,"type":"if","locations":[{"start":{"line":20,"column":2},"end":{"line":20,"column":2}},{"start":{"line":20,"column":2},"end":{"line":20,"column":2}}]},"3":{"line":20,"type":"binary-expr","locations":[{"start":{"line":20,"column":6},"end":{"line":20,"column":29}},{"start":{"line":20,"column":33},"end":{"line":20,"column":52}}]}},"code":["//#!/usr/bin/env node","'use strict';","","var STATIC_OPTIONS = { maxAge: 3600000 };","","var express = require('express'),","  http = require('http'),","  path = require('path'),","  socket = require('./socket'),","  api = require('./')","    .use(express.static(path.join(__dirname, '../dist'), STATIC_OPTIONS))","    .use(express.static(path.join(__dirname, '../.tmp'), STATIC_OPTIONS))","    .use(express.static(path.join(__dirname, '../app'), STATIC_OPTIONS));","","var server = http.createServer(api);","socket(server);","var port = process.env.PORT || 9000;","","server.listen(port).on('error', function (e) {","  if (e.code !== 'EADDRINUSE' && e.code !== 'EACCES') {","    throw e;","  }","  console.error('Port ' + port + ' is busy. Trying the next available port...');","  server.listen(++port);","}).on('listening', function () {","  console.log('Listening on http://localhost:' + port);","});",""],"l":{"4":4,"6":4,"15":0,"16":0,"17":0,"19":0,"20":0,"21":0,"23":0,"24":0,"26":0}},"/home/travis/build/npmtest/node-npmtest-peerflix-server/node_modules/peerflix-server/server/socket.js":{"path":"/home/travis/build/npmtest/node-npmtest-peerflix-server/node_modules/peerflix-server/server/socket.js","s":{"1":1,"2":1,"3":0,"4":0,"5":0,"6":0,"7":0,"8":0,"9":0,"10":0,"11":0,"12":0,"13":0,"14":0,"15":0,"16":0,"17":0,"18":0,"19":0,"20":0,"21":0,"22":0,"23":0,"24":0,"25":0,"26":0,"27":0,"28":1,"29":0,"30":0,"31":0,"32":0,"33":0,"34":0,"35":0,"36":0,"37":0,"38":0,"39":0,"40":0,"41":0,"42":0,"43":0,"44":0,"45":0,"46":0,"47":0,"48":0,"49":0,"50":0,"51":0,"52":0,"53":0,"54":0,"55":0,"56":0,"57":0,"58":0,"59":0,"60":0},"b":{"1":[0,0],"2":[0,0],"3":[0,0],"4":[0,0],"5":[0,0],"6":[0,0],"7":[0,0],"8":[0,0],"9":[0,0],"10":[0,0]},"f":{"1":0,"2":0,"3":0,"4":0,"5":0,"6":0,"7":0,"8":0,"9":0,"10":0,"11":0,"12":0,"13":0,"14":0,"15":0,"16":0,"17":0,"18":0},"fnMap":{"1":{"name":"(anonymous_1)","line":5,"loc":{"start":{"line":5,"column":17},"end":{"line":5,"column":35}}},"2":{"name":"(anonymous_2)","line":11,"loc":{"start":{"line":11,"column":30},"end":{"line":11,"column":48}}},"3":{"name":"(anonymous_3)","line":12,"loc":{"start":{"line":12,"column":23},"end":{"line":12,"column":43}}},"4":{"name":"(anonymous_4)","line":19,"loc":{"start":{"line":19,"column":24},"end":{"line":19,"column":44}}},"5":{"name":"(anonymous_5)","line":26,"loc":{"start":{"line":26,"column":24},"end":{"line":26,"column":50}}},"6":{"name":"(anonymous_6)","line":34,"loc":{"start":{"line":34,"column":26},"end":{"line":34,"column":52}}},"7":{"name":"(anonymous_7)","line":44,"loc":{"start":{"line":44,"column":22},"end":{"line":44,"column":51}}},"8":{"name":"listen","line":45,"loc":{"start":{"line":45,"column":4},"end":{"line":45,"column":22}}},"9":{"name":"(anonymous_9)","line":46,"loc":{"start":{"line":46,"column":38},"end":{"line":46,"column":50}}},"10":{"name":"(anonymous_10)","line":50,"loc":{"start":{"line":50,"column":39},"end":{"line":50,"column":51}}},"11":{"name":"(anonymous_11)","line":52,"loc":{"start":{"line":52,"column":65},"end":{"line":52,"column":78}}},"12":{"name":"(anonymous_12)","line":56,"loc":{"start":{"line":56,"column":40},"end":{"line":56,"column":53}}},"13":{"name":"(anonymous_13)","line":64,"loc":{"start":{"line":64,"column":28},"end":{"line":64,"column":40}}},"14":{"name":"(anonymous_14)","line":68,"loc":{"start":{"line":68,"column":33},"end":{"line":68,"column":45}}},"15":{"name":"(anonymous_15)","line":73,"loc":{"start":{"line":73,"column":31},"end":{"line":73,"column":43}}},"16":{"name":"(anonymous_16)","line":78,"loc":{"start":{"line":78,"column":33},"end":{"line":78,"column":45}}},"17":{"name":"(anonymous_17)","line":85,"loc":{"start":{"line":85,"column":29},"end":{"line":85,"column":41}}},"18":{"name":"(anonymous_18)","line":91,"loc":{"start":{"line":91,"column":32},"end":{"line":91,"column":44}}}},"statementMap":{"1":{"start":{"line":3,"column":0},"end":{"line":3,"column":31}},"2":{"start":{"line":5,"column":0},"end":{"line":103,"column":2}},"3":{"start":{"line":6,"column":2},"end":{"line":9,"column":31}},"4":{"start":{"line":11,"column":2},"end":{"line":42,"column":5}},"5":{"start":{"line":12,"column":4},"end":{"line":18,"column":7}},"6":{"start":{"line":13,"column":6},"end":{"line":13,"column":41}},"7":{"start":{"line":14,"column":6},"end":{"line":14,"column":40}},"8":{"start":{"line":15,"column":6},"end":{"line":17,"column":7}},"9":{"start":{"line":16,"column":8},"end":{"line":16,"column":30}},"10":{"start":{"line":19,"column":4},"end":{"line":25,"column":7}},"11":{"start":{"line":20,"column":6},"end":{"line":20,"column":42}},"12":{"start":{"line":21,"column":6},"end":{"line":21,"column":40}},"13":{"start":{"line":22,"column":6},"end":{"line":24,"column":7}},"14":{"start":{"line":23,"column":8},"end":{"line":23,"column":31}},"15":{"start":{"line":26,"column":4},"end":{"line":33,"column":7}},"16":{"start":{"line":27,"column":6},"end":{"line":27,"column":55}},"17":{"start":{"line":28,"column":6},"end":{"line":28,"column":40}},"18":{"start":{"line":29,"column":6},"end":{"line":32,"column":7}},"19":{"start":{"line":30,"column":8},"end":{"line":30,"column":35}},"20":{"start":{"line":31,"column":8},"end":{"line":31,"column":22}},"21":{"start":{"line":34,"column":4},"end":{"line":41,"column":7}},"22":{"start":{"line":35,"column":6},"end":{"line":35,"column":57}},"23":{"start":{"line":36,"column":6},"end":{"line":36,"column":40}},"24":{"start":{"line":37,"column":6},"end":{"line":40,"column":7}},"25":{"start":{"line":38,"column":8},"end":{"line":38,"column":35}},"26":{"start":{"line":39,"column":8},"end":{"line":39,"column":24}},"27":{"start":{"line":44,"column":2},"end":{"line":102,"column":5}},"28":{"start":{"line":45,"column":4},"end":{"line":95,"column":5}},"29":{"start":{"line":46,"column":6},"end":{"line":48,"column":36}},"30":{"start":{"line":47,"column":8},"end":{"line":47,"column":81}},"31":{"start":{"line":50,"column":6},"end":{"line":60,"column":36}},"32":{"start":{"line":51,"column":8},"end":{"line":51,"column":54}},"33":{"start":{"line":52,"column":8},"end":{"line":59,"column":12}},"34":{"start":{"line":54,"column":10},"end":{"line":54,"column":49}},"35":{"start":{"line":55,"column":10},"end":{"line":55,"column":64}},"36":{"start":{"line":56,"column":10},"end":{"line":58,"column":13}},"37":{"start":{"line":57,"column":12},"end":{"line":57,"column":50}},"38":{"start":{"line":62,"column":6},"end":{"line":62,"column":61}},"39":{"start":{"line":64,"column":6},"end":{"line":66,"column":9}},"40":{"start":{"line":65,"column":8},"end":{"line":65,"column":59}},"41":{"start":{"line":68,"column":6},"end":{"line":71,"column":9}},"42":{"start":{"line":69,"column":8},"end":{"line":69,"column":50}},"43":{"start":{"line":70,"column":8},"end":{"line":70,"column":26}},"44":{"start":{"line":73,"column":6},"end":{"line":76,"column":9}},"45":{"start":{"line":74,"column":8},"end":{"line":74,"column":48}},"46":{"start":{"line":75,"column":8},"end":{"line":75,"column":26}},"47":{"start":{"line":78,"column":6},"end":{"line":81,"column":15}},"48":{"start":{"line":79,"column":8},"end":{"line":79,"column":59}},"49":{"start":{"line":80,"column":8},"end":{"line":80,"column":26}},"50":{"start":{"line":83,"column":6},"end":{"line":83,"column":43}},"51":{"start":{"line":85,"column":6},"end":{"line":89,"column":9}},"52":{"start":{"line":86,"column":8},"end":{"line":86,"column":46}},"53":{"start":{"line":87,"column":8},"end":{"line":87,"column":26}},"54":{"start":{"line":88,"column":8},"end":{"line":88,"column":25}},"55":{"start":{"line":91,"column":6},"end":{"line":94,"column":9}},"56":{"start":{"line":92,"column":8},"end":{"line":92,"column":32}},"57":{"start":{"line":93,"column":8},"end":{"line":93,"column":47}},"58":{"start":{"line":97,"column":4},"end":{"line":101,"column":5}},"59":{"start":{"line":98,"column":6},"end":{"line":98,"column":15}},"60":{"start":{"line":100,"column":6},"end":{"line":100,"column":40}}},"branchMap":{"1":{"line":15,"type":"if","locations":[{"start":{"line":15,"column":6},"end":{"line":15,"column":6}},{"start":{"line":15,"column":6},"end":{"line":15,"column":6}}]},"2":{"line":15,"type":"binary-expr","locations":[{"start":{"line":15,"column":10},"end":{"line":15,"column":17}},{"start":{"line":15,"column":21},"end":{"line":15,"column":34}}]},"3":{"line":22,"type":"if","locations":[{"start":{"line":22,"column":6},"end":{"line":22,"column":6}},{"start":{"line":22,"column":6},"end":{"line":22,"column":6}}]},"4":{"line":22,"type":"binary-expr","locations":[{"start":{"line":22,"column":10},"end":{"line":22,"column":17}},{"start":{"line":22,"column":21},"end":{"line":22,"column":34}}]},"5":{"line":29,"type":"if","locations":[{"start":{"line":29,"column":6},"end":{"line":29,"column":6}},{"start":{"line":29,"column":6},"end":{"line":29,"column":6}}]},"6":{"line":29,"type":"binary-expr","locations":[{"start":{"line":29,"column":10},"end":{"line":29,"column":17}},{"start":{"line":29,"column":21},"end":{"line":29,"column":34}}]},"7":{"line":37,"type":"if","locations":[{"start":{"line":37,"column":6},"end":{"line":37,"column":6}},{"start":{"line":37,"column":6},"end":{"line":37,"column":6}}]},"8":{"line":37,"type":"binary-expr","locations":[{"start":{"line":37,"column":10},"end":{"line":37,"column":17}},{"start":{"line":37,"column":21},"end":{"line":37,"column":34}}]},"9":{"line":57,"type":"binary-expr","locations":[{"start":{"line":57,"column":19},"end":{"line":57,"column":34}},{"start":{"line":57,"column":38},"end":{"line":57,"column":49}}]},"10":{"line":97,"type":"if","locations":[{"start":{"line":97,"column":4},"end":{"line":97,"column":4}},{"start":{"line":97,"column":4},"end":{"line":97,"column":4}}]}},"code":["'use strict';","","var stats = require('./stats');","","module.exports = function (server) {","  var io = require('socket.io').listen(server),","    _ = require('lodash'),","    progress = require('./progressbar'),","    store = require('./store');","","  io.sockets.on('connection', function (socket) {","    socket.on('pause', function (infoHash) {","      console.log('pausing ' + infoHash);","      var torrent = store.get(infoHash);","      if (torrent && torrent.swarm) {","        torrent.swarm.pause();","      }","    });","    socket.on('resume', function (infoHash) {","      console.log('resuming ' + infoHash);","      var torrent = store.get(infoHash);","      if (torrent && torrent.swarm) {","        torrent.swarm.resume();","      }","    });","    socket.on('select', function (infoHash, file) {","      console.log('selected ' + infoHash + '/' + file);","      var torrent = store.get(infoHash);","      if (torrent && torrent.files) {","        file = torrent.files[file];","        file.select();","      }","    });","    socket.on('deselect', function (infoHash, file) {","      console.log('deselected ' + infoHash + '/' + file);","      var torrent = store.get(infoHash);","      if (torrent && torrent.files) {","        file = torrent.files[file];","        file.deselect();","      }","    });","  });","","  store.on('torrent', function (infoHash, torrent) {","    function listen() {","      var notifyProgress = _.throttle(function () {","        io.sockets.emit('download', infoHash, progress(torrent.bitfield.buffer));","      }, 1000, { trailing: false });","","      var notifySelection = _.throttle(function () {","        var pieceLength = torrent.torrent.pieceLength;","        io.sockets.emit('selection', infoHash, torrent.files.map(function (f) {","          // jshint -W016","          var start = f.offset / pieceLength | 0;","          var end = (f.offset + f.length - 1) / pieceLength | 0;","          return torrent.selection.some(function (s) {","            return s.from <= start && s.to >= end;","          });","        }));","      }, 2000, { trailing: false });","","      io.sockets.emit('verifying', infoHash, stats(torrent));","","      torrent.once('ready', function () {","        io.sockets.emit('ready', infoHash, stats(torrent));","      });","","      torrent.on('uninterested', function () {","        io.sockets.emit('uninterested', infoHash);","        notifySelection();","      });","","      torrent.on('interested', function () {","        io.sockets.emit('interested', infoHash);","        notifySelection();","      });","","      var interval = setInterval(function () {","        io.sockets.emit('stats', infoHash, stats(torrent));","        notifySelection();","      }, 1000);","","      torrent.on('verify', notifyProgress);","","      torrent.on('finished', function () {","        io.sockets.emit('finished', infoHash);","        notifySelection();","        notifyProgress();","      });","","      torrent.once('destroyed', function () {","        clearInterval(interval);","        io.sockets.emit('destroyed', infoHash);","      });","    }","","    if (torrent.torrent) {","      listen();","    } else {","      torrent.once('verifying', listen);","    }","  });","};",""],"l":{"3":1,"5":1,"6":0,"11":0,"12":0,"13":0,"14":0,"15":0,"16":0,"19":0,"20":0,"21":0,"22":0,"23":0,"26":0,"27":0,"28":0,"29":0,"30":0,"31":0,"34":0,"35":0,"36":0,"37":0,"38":0,"39":0,"44":0,"45":1,"46":0,"47":0,"50":0,"51":0,"52":0,"54":0,"55":0,"56":0,"57":0,"62":0,"64":0,"65":0,"68":0,"69":0,"70":0,"73":0,"74":0,"75":0,"78":0,"79":0,"80":0,"83":0,"85":0,"86":0,"87":0,"88":0,"91":0,"92":0,"93":0,"97":0,"98":0,"100":0}},"/home/travis/build/npmtest/node-npmtest-peerflix-server/node_modules/peerflix-server/server/stats.js":{"path":"/home/travis/build/npmtest/node-npmtest-peerflix-server/node_modules/peerflix-server/server/stats.js","s":{"1":1,"2":0,"3":0,"4":0},"b":{},"f":{"1":0,"2":0},"fnMap":{"1":{"name":"stats","line":3,"loc":{"start":{"line":3,"column":17},"end":{"line":3,"column":41}}},"2":{"name":"(anonymous_2)","line":8,"loc":{"start":{"line":8,"column":36},"end":{"line":8,"column":58}}}},"statementMap":{"1":{"start":{"line":3,"column":0},"end":{"line":23,"column":2}},"2":{"start":{"line":4,"column":2},"end":{"line":4,"column":28}},"3":{"start":{"line":5,"column":2},"end":{"line":22,"column":4}},"4":{"start":{"line":9,"column":8},"end":{"line":9,"column":40}}},"branchMap":{},"code":["'use strict';","","module.exports = function stats(torrent) {","  var swarm = torrent.swarm;","  return {","    peers: {","      total: swarm.wires.length,","      unchocked: swarm.wires.reduce(function (prev, wire) {","        return prev + !wire.peerChoking;","      }, 0)","    },","    traffic: {","      down: swarm.downloaded,","      up: swarm.uploaded","    },","    speed: {","      down: swarm.downloadSpeed(),","      up: swarm.uploadSpeed()","    },","    queue: swarm.queued,","    paused: swarm.paused","  };","};",""],"l":{"3":1,"4":0,"5":0,"9":0}},"/home/travis/build/npmtest/node-npmtest-peerflix-server/node_modules/peerflix-server/server/index.js":{"path":"/home/travis/build/npmtest/node-npmtest-peerflix-server/node_modules/peerflix-server/server/index.js","s":{"1":4,"2":0,"3":0,"4":0,"5":0,"6":0,"7":0,"8":0,"9":1,"10":0,"11":0,"12":0,"13":0,"14":0,"15":0,"16":0,"17":0,"18":1,"19":0,"20":0,"21":0,"22":0,"23":0,"24":0,"25":0,"26":0,"27":0,"28":0,"29":0,"30":0,"31":0,"32":0,"33":0,"34":0,"35":0,"36":0,"37":0,"38":0,"39":0,"40":0,"41":0,"42":0,"43":0,"44":0,"45":0,"46":0,"47":0,"48":0,"49":0,"50":0,"51":0,"52":0,"53":0,"54":0,"55":0,"56":0,"57":0,"58":0,"59":0,"60":0,"61":0,"62":0,"63":0,"64":0,"65":0,"66":0,"67":0,"68":0,"69":0,"70":0,"71":0,"72":0,"73":0,"74":0,"75":0,"76":0,"77":0,"78":0,"79":0,"80":0,"81":0,"82":0,"83":0,"84":0,"85":0,"86":0,"87":0,"88":0,"89":0,"90":0,"91":0,"92":0,"93":0,"94":0,"95":0},"b":{"1":[0,0],"2":[0,0],"3":[0,0],"4":[0,0],"5":[0,0],"6":[0,0],"7":[0,0],"8":[0,0],"9":[0,0],"10":[0,0],"11":[0,0],"12":[0,0],"13":[0,0],"14":[0,0],"15":[0,0],"16":[0,0],"17":[0,0]},"f":{"1":0,"2":0,"3":0,"4":0,"5":0,"6":0,"7":0,"8":0,"9":0,"10":0,"11":0,"12":0,"13":0,"14":0,"15":0,"16":0,"17":0,"18":0,"19":0,"20":0,"21":0,"22":0},"fnMap":{"1":{"name":"(anonymous_1)","line":16,"loc":{"start":{"line":16,"column":8},"end":{"line":16,"column":34}}},"2":{"name":"serialize","line":23,"loc":{"start":{"line":23,"column":0},"end":{"line":23,"column":28}}},"3":{"name":"(anonymous_3)","line":34,"loc":{"start":{"line":34,"column":29},"end":{"line":34,"column":42}}},"4":{"name":"(anonymous_4)","line":45,"loc":{"start":{"line":45,"column":41},"end":{"line":45,"column":54}}},"5":{"name":"findTorrent","line":54,"loc":{"start":{"line":54,"column":0},"end":{"line":54,"column":37}}},"6":{"name":"(anonymous_6)","line":62,"loc":{"start":{"line":62,"column":21},"end":{"line":62,"column":41}}},"7":{"name":"(anonymous_7)","line":66,"loc":{"start":{"line":66,"column":22},"end":{"line":66,"column":42}}},"8":{"name":"(anonymous_8)","line":67,"loc":{"start":{"line":67,"column":27},"end":{"line":67,"column":52}}},"9":{"name":"(anonymous_9)","line":77,"loc":{"start":{"line":77,"column":33},"end":{"line":77,"column":53}}},"10":{"name":"(anonymous_10)","line":82,"loc":{"start":{"line":82,"column":23},"end":{"line":82,"column":48}}},"11":{"name":"(anonymous_11)","line":93,"loc":{"start":{"line":93,"column":44},"end":{"line":93,"column":64}}},"12":{"name":"(anonymous_12)","line":97,"loc":{"start":{"line":97,"column":59},"end":{"line":97,"column":79}}},"13":{"name":"(anonymous_13)","line":102,"loc":{"start":{"line":102,"column":30},"end":{"line":102,"column":43}}},"14":{"name":"(anonymous_14)","line":109,"loc":{"start":{"line":109,"column":58},"end":{"line":109,"column":78}}},"15":{"name":"(anonymous_15)","line":114,"loc":{"start":{"line":114,"column":30},"end":{"line":114,"column":43}}},"16":{"name":"(anonymous_16)","line":121,"loc":{"start":{"line":121,"column":51},"end":{"line":121,"column":71}}},"17":{"name":"(anonymous_17)","line":126,"loc":{"start":{"line":126,"column":52},"end":{"line":126,"column":72}}},"18":{"name":"(anonymous_18)","line":131,"loc":{"start":{"line":131,"column":47},"end":{"line":131,"column":67}}},"19":{"name":"(anonymous_19)","line":136,"loc":{"start":{"line":136,"column":50},"end":{"line":136,"column":70}}},"20":{"name":"(anonymous_20)","line":140,"loc":{"start":{"line":140,"column":50},"end":{"line":140,"column":70}}},"21":{"name":"(anonymous_21)","line":143,"loc":{"start":{"line":143,"column":43},"end":{"line":143,"column":56}}},"22":{"name":"(anonymous_22)","line":149,"loc":{"start":{"line":149,"column":63},"end":{"line":149,"column":83}}}},"statementMap":{"1":{"start":{"line":3,"column":0},"end":{"line":12,"column":18}},"2":{"start":{"line":14,"column":0},"end":{"line":14,"column":24}},"3":{"start":{"line":15,"column":0},"end":{"line":15,"column":31}},"4":{"start":{"line":16,"column":0},"end":{"line":21,"column":3}},"5":{"start":{"line":17,"column":2},"end":{"line":17,"column":49}},"6":{"start":{"line":18,"column":2},"end":{"line":18,"column":80}},"7":{"start":{"line":19,"column":2},"end":{"line":19,"column":95}},"8":{"start":{"line":20,"column":2},"end":{"line":20,"column":9}},"9":{"start":{"line":23,"column":0},"end":{"line":52,"column":1}},"10":{"start":{"line":24,"column":2},"end":{"line":26,"column":3}},"11":{"start":{"line":25,"column":4},"end":{"line":25,"column":42}},"12":{"start":{"line":27,"column":2},"end":{"line":27,"column":48}},"13":{"start":{"line":29,"column":2},"end":{"line":51,"column":4}},"14":{"start":{"line":36,"column":6},"end":{"line":36,"column":45}},"15":{"start":{"line":37,"column":6},"end":{"line":37,"column":60}},"16":{"start":{"line":39,"column":6},"end":{"line":48,"column":8}},"17":{"start":{"line":46,"column":10},"end":{"line":46,"column":48}},"18":{"start":{"line":54,"column":0},"end":{"line":60,"column":1}},"19":{"start":{"line":55,"column":2},"end":{"line":55,"column":61}},"20":{"start":{"line":56,"column":2},"end":{"line":58,"column":3}},"21":{"start":{"line":57,"column":4},"end":{"line":57,"column":25}},"22":{"start":{"line":59,"column":2},"end":{"line":59,"column":9}},"23":{"start":{"line":62,"column":0},"end":{"line":64,"column":3}},"24":{"start":{"line":63,"column":2},"end":{"line":63,"column":40}},"25":{"start":{"line":66,"column":0},"end":{"line":75,"column":3}},"26":{"start":{"line":67,"column":2},"end":{"line":74,"column":5}},"27":{"start":{"line":68,"column":4},"end":{"line":73,"column":5}},"28":{"start":{"line":69,"column":6},"end":{"line":69,"column":25}},"29":{"start":{"line":70,"column":6},"end":{"line":70,"column":25}},"30":{"start":{"line":72,"column":6},"end":{"line":72,"column":39}},"31":{"start":{"line":77,"column":0},"end":{"line":91,"column":3}},"32":{"start":{"line":78,"column":2},"end":{"line":78,"column":41}},"33":{"start":{"line":79,"column":2},"end":{"line":81,"column":3}},"34":{"start":{"line":80,"column":4},"end":{"line":80,"column":44}},"35":{"start":{"line":82,"column":2},"end":{"line":90,"column":5}},"36":{"start":{"line":83,"column":4},"end":{"line":88,"column":5}},"37":{"start":{"line":84,"column":6},"end":{"line":84,"column":25}},"38":{"start":{"line":85,"column":6},"end":{"line":85,"column":25}},"39":{"start":{"line":87,"column":6},"end":{"line":87,"column":39}},"40":{"start":{"line":89,"column":4},"end":{"line":89,"column":25}},"41":{"start":{"line":93,"column":0},"end":{"line":95,"column":3}},"42":{"start":{"line":94,"column":2},"end":{"line":94,"column":35}},"43":{"start":{"line":97,"column":0},"end":{"line":107,"column":3}},"44":{"start":{"line":98,"column":2},"end":{"line":98,"column":41}},"45":{"start":{"line":99,"column":2},"end":{"line":105,"column":3}},"46":{"start":{"line":100,"column":4},"end":{"line":100,"column":38}},"47":{"start":{"line":102,"column":4},"end":{"line":104,"column":7}},"48":{"start":{"line":103,"column":6},"end":{"line":103,"column":17}},"49":{"start":{"line":106,"column":2},"end":{"line":106,"column":16}},"50":{"start":{"line":109,"column":0},"end":{"line":119,"column":3}},"51":{"start":{"line":110,"column":2},"end":{"line":110,"column":41}},"52":{"start":{"line":111,"column":2},"end":{"line":117,"column":3}},"53":{"start":{"line":112,"column":4},"end":{"line":112,"column":40}},"54":{"start":{"line":114,"column":4},"end":{"line":116,"column":7}},"55":{"start":{"line":115,"column":6},"end":{"line":115,"column":19}},"56":{"start":{"line":118,"column":2},"end":{"line":118,"column":16}},"57":{"start":{"line":121,"column":0},"end":{"line":124,"column":3}},"58":{"start":{"line":122,"column":2},"end":{"line":122,"column":28}},"59":{"start":{"line":123,"column":2},"end":{"line":123,"column":16}},"60":{"start":{"line":126,"column":0},"end":{"line":129,"column":3}},"61":{"start":{"line":127,"column":2},"end":{"line":127,"column":29}},"62":{"start":{"line":128,"column":2},"end":{"line":128,"column":16}},"63":{"start":{"line":131,"column":0},"end":{"line":134,"column":3}},"64":{"start":{"line":132,"column":2},"end":{"line":132,"column":37}},"65":{"start":{"line":133,"column":2},"end":{"line":133,"column":16}},"66":{"start":{"line":136,"column":0},"end":{"line":138,"column":3}},"67":{"start":{"line":137,"column":2},"end":{"line":137,"column":31}},"68":{"start":{"line":140,"column":0},"end":{"line":147,"column":3}},"69":{"start":{"line":141,"column":2},"end":{"line":141,"column":28}},"70":{"start":{"line":142,"column":2},"end":{"line":142,"column":72}},"71":{"start":{"line":143,"column":2},"end":{"line":146,"column":19}},"72":{"start":{"line":144,"column":6},"end":{"line":145,"column":122}},"73":{"start":{"line":149,"column":0},"end":{"line":182,"column":3}},"74":{"start":{"line":150,"column":2},"end":{"line":150,"column":85}},"75":{"start":{"line":152,"column":2},"end":{"line":154,"column":3}},"76":{"start":{"line":153,"column":4},"end":{"line":153,"column":25}},"77":{"start":{"line":156,"column":2},"end":{"line":158,"column":3}},"78":{"start":{"line":157,"column":4},"end":{"line":157,"column":56}},"79":{"start":{"line":160,"column":2},"end":{"line":160,"column":32}},"80":{"start":{"line":161,"column":2},"end":{"line":161,"column":54}},"81":{"start":{"line":162,"column":2},"end":{"line":162,"column":42}},"82":{"start":{"line":163,"column":2},"end":{"line":163,"column":22}},"83":{"start":{"line":164,"column":2},"end":{"line":164,"column":37}},"84":{"start":{"line":166,"column":2},"end":{"line":172,"column":3}},"85":{"start":{"line":167,"column":4},"end":{"line":167,"column":49}},"86":{"start":{"line":168,"column":4},"end":{"line":170,"column":5}},"87":{"start":{"line":169,"column":6},"end":{"line":169,"column":23}},"88":{"start":{"line":171,"column":4},"end":{"line":171,"column":46}},"89":{"start":{"line":174,"column":2},"end":{"line":174,"column":23}},"90":{"start":{"line":175,"column":2},"end":{"line":175,"column":63}},"91":{"start":{"line":176,"column":2},"end":{"line":176,"column":95}},"92":{"start":{"line":178,"column":2},"end":{"line":180,"column":3}},"93":{"start":{"line":179,"column":4},"end":{"line":179,"column":21}},"94":{"start":{"line":181,"column":2},"end":{"line":181,"column":42}},"95":{"start":{"line":184,"column":0},"end":{"line":184,"column":21}}},"branchMap":{"1":{"line":24,"type":"if","locations":[{"start":{"line":24,"column":2},"end":{"line":24,"column":2}},{"start":{"line":24,"column":2},"end":{"line":24,"column":2}}]},"2":{"line":46,"type":"binary-expr","locations":[{"start":{"line":46,"column":17},"end":{"line":46,"column":32}},{"start":{"line":46,"column":36},"end":{"line":46,"column":47}}]},"3":{"line":56,"type":"if","locations":[{"start":{"line":56,"column":2},"end":{"line":56,"column":2}},{"start":{"line":56,"column":2},"end":{"line":56,"column":2}}]},"4":{"line":68,"type":"if","locations":[{"start":{"line":68,"column":4},"end":{"line":68,"column":4}},{"start":{"line":68,"column":4},"end":{"line":68,"column":4}}]},"5":{"line":78,"type":"binary-expr","locations":[{"start":{"line":78,"column":13},"end":{"line":78,"column":22}},{"start":{"line":78,"column":26},"end":{"line":78,"column":40}}]},"6":{"line":79,"type":"if","locations":[{"start":{"line":79,"column":2},"end":{"line":79,"column":2}},{"start":{"line":79,"column":2},"end":{"line":79,"column":2}}]},"7":{"line":83,"type":"if","locations":[{"start":{"line":83,"column":4},"end":{"line":83,"column":4}},{"start":{"line":83,"column":4},"end":{"line":83,"column":4}}]},"8":{"line":99,"type":"if","locations":[{"start":{"line":99,"column":2},"end":{"line":99,"column":2}},{"start":{"line":99,"column":2},"end":{"line":99,"column":2}}]},"9":{"line":99,"type":"binary-expr","locations":[{"start":{"line":99,"column":6},"end":{"line":99,"column":16}},{"start":{"line":99,"column":20},"end":{"line":99,"column":52}}]},"10":{"line":111,"type":"if","locations":[{"start":{"line":111,"column":2},"end":{"line":111,"column":2}},{"start":{"line":111,"column":2},"end":{"line":111,"column":2}}]},"11":{"line":111,"type":"binary-expr","locations":[{"start":{"line":111,"column":6},"end":{"line":111,"column":16}},{"start":{"line":111,"column":20},"end":{"line":111,"column":52}}]},"12":{"line":152,"type":"if","locations":[{"start":{"line":152,"column":2},"end":{"line":152,"column":2}},{"start":{"line":152,"column":2},"end":{"line":152,"column":2}}]},"13":{"line":156,"type":"if","locations":[{"start":{"line":156,"column":2},"end":{"line":156,"column":2}},{"start":{"line":156,"column":2},"end":{"line":156,"column":2}}]},"14":{"line":161,"type":"binary-expr","locations":[{"start":{"line":161,"column":10},"end":{"line":161,"column":15}},{"start":{"line":161,"column":19},"end":{"line":161,"column":53}}]},"15":{"line":166,"type":"if","locations":[{"start":{"line":166,"column":2},"end":{"line":166,"column":2}},{"start":{"line":166,"column":2},"end":{"line":166,"column":2}}]},"16":{"line":168,"type":"if","locations":[{"start":{"line":168,"column":4},"end":{"line":168,"column":4}},{"start":{"line":168,"column":4},"end":{"line":168,"column":4}}]},"17":{"line":178,"type":"if","locations":[{"start":{"line":178,"column":2},"end":{"line":178,"column":2}},{"start":{"line":178,"column":2},"end":{"line":178,"column":2}}]}},"code":["'use strict';","","var rangeParser = require('range-parser'),","  pump = require('pump'),","  _ = require('lodash'),","  exp
[...]
tConfig({","","    // Project settings","    yeoman: {","      // configurable paths","      app: require('./bower.json').appPath || 'app',","      dist: 'dist'","    },","","    // Watches files for changes and runs tasks based on the changed files","    watch: {","      bower: {","        files: ['bower.json'],","        tasks: ['wiredep']","      },","      js: {","        files: ['<%= yeoman.app %>/scripts/{,*/}*.js'],","        tasks: ['newer:jshint:all'],","        options: {","          livereload: true","        }","      },","      jsTest: {","        files: ['test/spec/{,*/}*.js'],","        tasks: ['newer:jshint:test', 'karma']","      },","      styles: {","        files: ['<%= yeoman.app %>/styles/{,*/}*.css'],","        tasks: ['newer:copy:styles', 'autoprefixer']","      },","      gruntfile: {","        files: ['Gruntfile.js']","      },","      livereload: {","        options: {","          livereload: '<%= connect.options.livereload %>'","        },","        files: [","          '<%= yeoman.app %>/{,*/}*.html',","          '.tmp/styles/{,*/}*.css',","          '<%= yeoman.app %>/images/{,*/}*.{png,jpg,jpeg,gif,webp,svg}'","        ]","      }","    },","","    // The actual grunt server settings","    connect: {","      options: {","        port: 9000,","        // Change this to '0.0.0.0' to access the server from outside.","        hostname: '*',","        livereload: 35729","      },","      livereload: {","        options: {","          open: 'http://localhost:9000',","          base: [","            '.tmp',","            '<%= yeoman.app %>'","          ],","          middleware: function (connect, options, middlewares) {","            middlewares.unshift(require('./server'));","            return middlewares;","          },","          onCreateServer: function(server) {","            require('./server/socket')(server);","          }","        }","      },","      test: {","        options: {","          port: 9001,","          base: [","            '.tmp',","            'test',","            '<%= yeoman.app %>'","          ]","        }","      },","      dist: {","        options: {","          base: '<%= yeoman.dist %>',","          middleware: function (connect, options, middlewares) {","            middlewares.unshift(require('./server'));","            return middlewares;","          },","          onCreateServer: function(server) {","            require('./server/socket')(server);","          }","        }","      }","    },","","    // Make sure code styles are up to par and there are no obvious mistakes","    jshint: {","      options: {","        jshintrc: '.jshintrc',","        reporterOutput: '',","        reporter: require('jshint-stylish')","      },","      all: [","        'Gruntfile.js',","        '<%= yeoman.app %>/scripts/{,*/}*.js'","      ],","      server: {","        options: {","          jshintrc: 'server/.jshintrc'","        },","        src: ['server/**/*.js']","      },","      test: {","        options: {","          jshintrc: 'test/.jshintrc'","        },","        src: ['test/spec/{,*/}*.js']","      }","    },","","    // Empties folders to start fresh","    clean: {","      dist: {","        files: [{","          dot: true,","          src: [","            '.tmp',","            '<%= yeoman.dist %>/*',","            '!<%= yeoman.dist %>/.git*'","          ]","        }]","      },","      server: '.tmp'","    },","","    // Add vendor prefixed styles","    autoprefixer: {","      options: {","        browsers: ['last 1 version']","      },","      dist: {","        files: [{","          expand: true,","          cwd: '.tmp/styles/',","          src: '{,*/}*.css',","          dest: '.tmp/styles/'","        }]","      }","    },","","    // Automatically inject Bower components into the app","    wiredep: {","      app: {","        src: ['<%= yeoman.app %>/index.html'],","        ignorePath: '<%= yeoman.app %>/',","        overrides: {","          bootstrap: {","            main: [","              'dist/css/bootstrap.css',","              'dist/js/bootstrap.js'","            ]","          }","        }","      }","    },","","    // Renames files for browser caching purposes","    rev: {","      dist: {","        files: {","          src: [","            '<%= yeoman.dist %>/scripts/{,*/}*.js',","            '<%= yeoman.dist %>/styles/{,*/}*.css',","            '<%= yeoman.dist %>/images/{,*/}*.{png,jpg,jpeg,gif,webp,svg}'","          ]","        }","      }","    },","","    // Reads HTML for usemin blocks to enable smart builds that automatically","    // concat, minify and revision files. Creates configurations in memory so","    // additional tasks can operate on them","    useminPrepare: {","      html: '<%= yeoman.app %>/index.html',","      options: {","        dest: '<%= yeoman.dist %>',","        flow: {","          html: {","            steps: {","              js: ['concat', 'uglifyjs'],","              css: ['cssmin']","            },","            post: {}","          }","        }","      }","    },","","    // Performs rewrites based on rev and the useminPrepare configuration","    usemin: {","      html: ['<%= yeoman.dist %>/{,*/}*.html'],","      css: ['<%= yeoman.dist %>/styles/{,*/}*.css'],","      js: ['<%= yeoman.dist %>/scripts/*.scripts.js'],","      options: {","        assetsDirs: ['<%= yeoman.dist %>'],","        patterns: {","          js: [[/(images\\/logo.png)/, 'Replacing reference to logo.png']]","        }","      }","    },","","    // The following *-min tasks produce minified files in the dist folder","    cssmin: {","      options: {","        root: '<%= yeoman.app %>'","      }","    },","","    svgmin: {","      dist: {","        files: [{","          expand: true,","          cwd: '<%= yeoman.app %>/images',","          src: '{,*/}*.svg',","          dest: '<%= yeoman.dist %>/images'","        }]","      }","    },","","    htmlmin: {","      dist: {","        options: {","          collapseWhitespace: true,","          collapseBooleanAttributes: true,","          removeCommentsFromCDATA: true,","          removeOptionalTags: true","        },","        files: [{","          expand: true,","          cwd: '<%= yeoman.dist %>',","          src: ['*.html', 'views/{,*/}*.html'],","          dest: '<%= yeoman.dist %>'","        }]","      }","    },","","    // ngmin tries to make the code safe for minification automatically by","    // using the Angular long form for dependency injection. It doesn't work on","    // things like resolve or inject so those have to be done manually.","    ngmin: {","      dist: {","        files: [{","          expand: true,","          cwd: '.tmp/concat/scripts',","          src: ['*.js', '!vendor.js'],","          dest: '.tmp/concat/scripts'","        }]","      }","    },","","    // Copies remaining files to places other tasks can use","    copy: {","      dist: {","        files: [{","          expand: true,","          dot: true,","          cwd: '<%= yeoman.app %>',","          dest: '<%= yeoman.dist %>',","          src: [","            '*.{ico,png,txt}',","            '.htaccess',","            '*.html',","            'views/{,*/}*.html',","            'images/{,*/}*.{png,jpg,jpeg,gif,webp}',","            'bower_components/font-awesome/fonts/*'","          ]","        }, {","          expand: true,","          cwd: '.tmp/images',","          dest: '<%= yeoman.dist %>/images',","          src: ['generated/*']","        }]","      },","      styles: {","        expand: true,","        cwd: '<%= yeoman.app %>/styles',","        dest: '.tmp/styles/',","        src: '{,*/}*.css'","      }","    },","","    // Run some tasks in parallel to speed up the build process","    concurrent: {","      server: [","        'copy:styles'","      ],","      test: [","        'copy:styles'","      ],","      dist: [","        'copy:styles',","        'svgmin'","      ]","    },","","    // By default, your `index.html`'s <!-- Usemin block --> will take care of","    // minification. These next options are pre-configured if you do not wish","    // to use the Usemin blocks.","    // cssmin: {","    //   dist: {","    //     files: {","    //       '<%= yeoman.dist %>/styles/main.css': [","    //         '.tmp/styles/{,*/}*.css',","    //         '<%= yeoman.app %>/styles/{,*/}*.css'","    //       ]","    //     }","    //   }","    // },","    // uglify: {","    //   dist: {","    //     files: {","    //       '<%= yeoman.dist %>/scripts/scripts.js': [","    //         '<%= yeoman.dist %>/scripts/scripts.js'","    //       ]","    //     }","    //   }","    // },","    // concat: {","    //   dist: {}","    // },","","    // Test settings","    karma: {","      unit: {","        configFile: 'karma.conf.js',","        singleRun: true","      }","    }","  });","","","  grunt.registerTask('serve', function (target) {","    if (target === 'dist') {","      return grunt.task.run(['build', 'connect:dist:keepalive']);","    }","","    grunt.task.run([","      'clean:server',","      'wiredep',","      'concurrent:server',","      'autoprefixer',","      'connect:livereload',","      'watch'","    ]);","  });","","  grunt.registerTask('server', function (target) {","    grunt.log.warn('The `server` task has been deprecated. Use `grunt serve` to start a server.');","    grunt.task.run(['serve:' + target]);","  });","","  grunt.registerTask('test', [","    'clean:server',","    'concurrent:test',","    'autoprefixer',","    'connect:test',","    'karma'","  ]);","","  grunt.registerTask('build', [","    'clean:dist',","    'wiredep',","    'useminPrepare',","    'concurrent:dist',","    'autoprefixer',","    'concat',","    'ngmin',","    'copy:dist',","    'cssmin',","    'uglify',","    'rev',","    'usemin',","    'htmlmin'","  ]);","","  grunt.registerTask('default', [","    'newer:jshint',","    'test',","    'build'","  ]);","};",""],"l":{"10":1,"13":0,"16":0,"19":0,"80":0,"81":0,"84":0,"102":0,"103":0,"106":0,"358":0,"359":0,"360":0,"363":0,"373":0,"374":0,"375":0,"378":0,"386":0,"402":0}},"/home/travis/build/npmtest/node-npmtest-peerflix-server/node_modules/peerflix-server/karma.conf.js":{"path":"/home/travis/build/npmtest/node-npmtest-peerflix-server/node_modules/peerflix-server/karma.conf.js","s":{"1":1,"2":0},"b":{},"f":{"1":0},"fnMap":{"1":{"name":"(anonymous_1)","line":4,"loc":{"start":{"line":4,"column":17},"end":{"line":4,"column":34}}}},"statementMap":{"1":{"start":{"line":4,"column":0},"end":{"line":59,"column":2}},"2":{"start":{"line":5,"column":2},"end":{"line":58,"column":5}}},"branchMap":{},"code":["// Karma configuration","// http://karma-runner.github.io/0.10/config/configuration-file.html","","module.exports = function(config) {","  config.set({","    // base path, that will be used to resolve files and exclude","    basePath: '',","","    // testing framework to use (jasmine/mocha/qunit/...)","    frameworks: ['jasmine'],","","    // list of files / patterns to load in the browser","    files: [","      'app/bower_components/lodash/dist/lodash.js',","      'app/bower_components/angular/angular.js',","      'app/bower_components/angular-mocks/angular-mocks.js',","      'app/bower_components/angular-resource/angular-resource.js',","      'app/bower_components/angular-cookies/angular-cookies.js',","      'app/bower_components/angular-sanitize/angular-sanitize.js',","      'app/bower_components/angular-route/angular-route.js',","      'app/bower_components/angular-socket-io/socket.js',","      'app/bower_components/angular-socket-io/mock/socket-io.js',","      'app/bower_components/ng-file-upload/angular-file-upload.js',","      'app/scripts/*.js',","      'app/scripts/**/*.js',","      'test/spec/**/*.js'","    ],","","    // list of files / patterns to exclude","    exclude: [],","","    // web server port","    port: 9876,","","    // level of logging","    // possible values: LOG_DISABLE || LOG_ERROR || LOG_WARN || LOG_INFO || LOG_DEBUG","    logLevel: config.LOG_INFO,","","","    // enable / disable watching file and executing tests whenever any file changes","    autoWatch: true,","","","    // Start these browsers, currently available:","    // - Chrome","    // - ChromeCanary","    // - Firefox","    // - Opera","    // - Safari (only Mac)","    // - PhantomJS","    // - IE (only Windows)","    browsers: ['PhantomJS'],","","","    // Continuous Integration mode","    // if true, it capture browsers, run tests and exit","    singleRun: false","  });","};",""],"l":{"4":1,"5":0}},"/home/travis/build/npmtest/node-npmtest-peerflix-server/node_modules/peerflix-server/server/ffmpeg.js":{"path":"/home/travis/build/npmtest/node-npmtest-peerflix-server/node_modules/peerflix-server/server/ffmpeg.js","s":{"1":1,"2":1,"3":0,"4":1,"5":0,"6":0,"7":0,"8":0,"9":0,"10":0,"11":0,"12":0,"13":0,"14":1,"15":0,"16":0,"17":0,"18":0,"19":0,"20":0,"21":0,"22":0,"23":0},"b":{"1":[0,0],"2":[0,0],"3":[0,0,0]},"f":{"1":0,"2":0,"3":0,"4":0,"5":0,"6":0,"7":0},"fnMap":{"1":{"name":"(anonymous_1)","line":7,"loc":{"start":{"line":7,"column":17},"end":{"line":7,"column":52}}},"2":{"name":"probe","line":11,"loc":{"start":{"line":11,"column":2},"end":{"line":11,"column":19}}},"3":{"name":"(anonymous_3)","line":13,"loc":{"start":{"line":13,"column":24},"end":{"line":13,"column":42}}},"4":{"name":"(anonymous_4)","line":17,"loc":{"start":{"line":17,"column":38},"end":{"line":17,"column":63}}},"5":{"name":"remux","line":27,"loc":{"start":{"line":27,"column":2},"end":{"line":27,"column":19}}},"6":{"name":"(anonymous_6)","line":38,"loc":{"start":{"line":38,"column":19},"end":{"line":38,"column":34}}},"7":{"name":"(anonymous_7)","line":41,"loc":{"start":{"line":41,"column":19},"end":{"line":41,"column":34}}}},"statementMap":{"1":{"start":{"line":3,"column":0},"end":{"line":5,"column":25}},"2":{"start":{"line":7,"column":0},"end":{"line":55,"column":2}},"3":{"start":{"line":8,"column":2},"end":{"line":9,"column":38}},"4":{"start":{"line":11,"column":2},"end":{"line":25,"column":3}},"5":{"start":{"line":12,"column":4},"end":{"line":12,"column":54}},"6":{"start":{"line":13,"column":4},"end":{"line":24,"column":7}},"7":{"start":{"line":14,"column":6},"end":{"line":16,"column":7}},"8":{"start":{"line":15,"column":8},"end":{"line":15,"column":52}},"9":{"start":{"line":17,"column":6},"end":{"line":23,"column":9}},"10":{"start":{"line":18,"column":8},"end":{"line":21,"column":9}},"11":{"start":{"line":19,"column":10},"end":{"line":19,"column":29}},"12":{"start":{"line":20,"column":10},"end":{"line":20,"column":47}},"13":{"start":{"line":22,"column":8},"end":{"line":22,"column":27}},"14":{"start":{"line":27,"column":2},"end":{"line":45,"column":3}},"15":{"start":{"line":28,"column":4},"end":{"line":28,"column":27}},"16":{"start":{"line":29,"column":4},"end":{"line":43,"column":9}},"17":{"start":{"line":39,"column":8},"end":{"line":39,"column":25}},"18":{"start":{"line":42,"column":8},"end":{"line":42,"column":27}},"19":{"start":{"line":44,"column":4},"end":{"line":44,"column":23}},"20":{"start":{"line":47,"column":2},"end":{"line":54,"column":3}},"21":{"start":{"line":49,"column":6},"end":{"line":49,"column":21}},"22":{"start":{"line":51,"column":6},"end":{"line":51,"column":21}},"23":{"start":{"line":53,"column":6},"end":{"line":53,"column":38}}},"branchMap":{"1":{"line":14,"type":"if","locations":[{"start":{"line":14,"column":6},"end":{"line":14,"column":6}},{"start":{"line":14,"column":6},"end":{"line":14,"column":6}}]},"2":{"line":18,"type":"if","locations":[{"start":{"line":18,"column":8},"end":{"line":18,"column":8}},{"start":{"line":18,"column":8},"end":{"line":18,"column":8}}]},"3":{"line":47,"type":"switch","locations":[{"start":{"line":48,"column":4},"end":{"line":49,"column":21}},{"start":{"line":50,"column":4},"end":{"line":51,"column":21}},{"start":{"line":52,"column":4},"end":{"line":53,"column":38}}]}},"code":["'use strict';","","var path = require('path'),","  fs = require('fs'),","  pump = require('pump');","","module.exports = function (req, res, torrent, file) {","  var param = req.query.ffmpeg,","    ffmpeg = require('fluent-ffmpeg');","","  function probe() {","    var filePath = path.join(torrent.path, file.path);","    fs.exists(filePath, function (exists) {","      if (!exists) {","        return res.send(404, 'File doesn`t exist.');","      }","      return ffmpeg.ffprobe(filePath, function (err, metadata) {","        if (err) {","          console.error(err);","          return res.send(500, err.toString());","        }","        res.send(metadata);","      });","    });","  }","","  function remux() {","    res.type('video/webm');","    var command = ffmpeg(file.createReadStream())","      .videoCodec('libvpx').audioCodec('libvorbis').format('webm')","      .audioBitrate(128)","      .videoBitrate(1024)","      .outputOptions([","        //'-threads 2',","        '-deadline realtime',","        '-error-resilient 1'","      ])","      .on('start', function (cmd) {","        console.log(cmd);","      })","      .on('error', function (err) {","        console.error(err);","      });","    pump(command, res);","  }","","  switch (param) {","    case 'probe':","      return probe();","    case 'remux':","      return remux();","    default:","      res.send(501, 'Not supported.');","  }","};",""],"l":{"3":1,"7":1,"8":0,"11":1,"12":0,"13":0,"14":0,"15":0,"17":0,"18":0,"19":0,"20":0,"22":0,"27":1,"28":0,"29":0,"39":0,"42":0,"44":0,"47":0,"49":0,"51":0,"53":0}},"/home/travis/build/npmtest/node-npmtest-peerflix-server/node_modules/peerflix-server/server/progressbar.js":{"path":"/home/travis/build/npmtest/node-npmtest-peerflix-server/node_modules/peerflix-server/server/progressbar.js","s":{"1":1,"2":0,"3":0,"4":0,"5":0,"6":0,"7":0,"8":0,"9":0,"10":0,"11":0,"12":0},"b":{"1":[0,0],"2":[0,0,0,0]},"f":{"1":0,"2":0},"fnMap":{"1":{"name":"progressbar","line":3,"loc":{"start":{"line":3,"column":17},"end":{"line":3,"column":46}}},"2":{"name":"(anonymous_2)","line":21,"loc":{"start":{"line":21,"column":22},"end":{"line":21,"column":35}}}},"statementMap":{"1":{"start":{"line":3,"column":0},"end":{"line":24,"column":2}},"2":{"start":{"line":4,"column":2},"end":{"line":6,"column":22}},"3":{"start":{"line":8,"column":2},"end":{"line":17,"column":3}},"4":{"start":{"line":9,"column":4},"end":{"line":9,"column":22}},"5":{"start":{"line":10,"column":4},"end":{"line":16,"column":5}},"6":{"start":{"line":11,"column":6},"end":{"line":11,"column":16}},"7":{"start":{"line":13,"column":6},"end":{"line":13,"column":29}},"8":{"start":{"line":14,"column":6},"end":{"line":14,"column":18}},"9":{"start":{"line":15,"column":6},"end":{"line":15,"column":31}},"10":{"start":{"line":19,"column":2},"end":{"line":19,"column":25}},"11":{"start":{"line":21,"column":2},"end":{"line":23,"column":5}},"12":{"start":{"line":22,"column":4},"end":{"line":22,"column":35}}},"branchMap":{"1":{"line":10,"type":"if","locations":[{"start":{"line":10,"column":4},"end":{"line":10,"column":4}},{"start":{"line":10,"column":4},"end":{"line":10,"column":4}}]},"2":{"line":10,"type":"binary-expr","locations":[{"start":{"line":10,"column":8},"end":{"line":10,"column":18}},{"start":{"line":10,"column":22},"end":{"line":10,"column":27}},{"start":{"line":10,"column":31},"end":{"line":10,"column":42}},{"start":{"line":10,"column":46},"end":{"line":10,"column":53}}]}},"code":["'use strict';","","module.exports = function progressbar(buffer) {","  var progress = [],","    counter = 0,","    downloaded = true;","","  for (var i = 0; i < buffer.length; i++) {","    var p = buffer[i];","    if (downloaded && p > 0 || !downloaded && p === 0) {","      counter++;","    } else {","      progress.push(counter);","      counter = 1;","      downloaded = !downloaded;","    }","  }","","  progress.push(counter);","","  return progress.map(function (p) {","    return p * 100 / buffer.length;","  });","};",""],"l":{"3":1,"4":0,"8":0,"9":0,"10":0,"11":0,"13":0,"14":0,"15":0,"19":0,"21":0,"22":0}}}